<?xml version="1.0" encoding="UTF-8"?>
<!-- Generated by org.testng.reporters.JUnitReportReporter -->
<testsuite hostname="NSSEZ190" failures="0" tests="5" name="api.test.Parameter_Tests" time="1.229" errors="0" timestamp="2025-03-03T11:49:54 IST" skipped="0">
  <testcase classname="api.test.Parameter_Tests" name="test_GetGlobalParameterStatusByCompanyId" time="1.061"/>
  <testcase classname="api.test.Parameter_Tests" name="test_GetProjectParameterStatusByProjectId" time="0.042"/>
  <testcase classname="api.test.Parameter_Tests" name="test_GetBuildingParameterStatusByBuildingId" time="0.043"/>
  <testcase classname="api.test.Parameter_Tests" name="test_GetFloorParameterStatusByFloorId" time="0.044"/>
  <testcase classname="api.test.Parameter_Tests" name="test_GetRegionParameterStatusByRegionId" time="0.039"/>
</testsuite> <!-- api.test.Parameter_Tests -->
