<?xml version="1.0" encoding="UTF-8"?>
<!-- Generated by org.testng.reporters.JUnitReportReporter -->
<testsuite hostname="NSSEZ190" failures="0" tests="7" name="api.test.Building_Tests" time="0.294" errors="0" timestamp="2025-03-03T16:24:29 IST" skipped="0">
  <testcase classname="api.test.Building_Tests" name="test_GetBuildings" time="0.088"/>
  <testcase classname="api.test.Building_Tests" name="test_AddBuilding" time="0.072"/>
  <testcase classname="api.test.Building_Tests" name="test_GetAllBuildingsByProjectId" time="0.036"/>
  <testcase classname="api.test.Building_Tests" name="test_Update_Building" time="0.021"/>
  <testcase classname="api.test.Building_Tests" name="test_toggleArchiveBuilding" time="0.028"/>
  <testcase classname="api.test.Building_Tests" name="test_GetArchivedBuildingsByProjectId" time="0.026"/>
  <testcase classname="api.test.Building_Tests" name="test_removeToggleArchiveBuilding" time="0.023"/>
</testsuite> <!-- api.test.Building_Tests -->
