<?xml version="1.0" encoding="UTF-8"?>
<!-- Generated by org.testng.reporters.JUnitReportReporter -->
<testsuite hostname="NSSEZ190" failures="0" tests="4" name="api.test.Building_Tests" time="0.275" errors="0" timestamp="2025-02-21T16:31:37 IST" skipped="0">
  <testcase classname="api.test.Building_Tests" name="test_GetBuildings" time="0.098"/>
  <testcase classname="api.test.Building_Tests" name="test_AddBuilding" time="0.101"/>
  <testcase classname="api.test.Building_Tests" name="test_GetAllBuildingsByProjectId" time="0.049"/>
  <testcase classname="api.test.Building_Tests" name="test_Update_Building" time="0.027"/>
</testsuite> <!-- api.test.Building_Tests -->
