<?xml version="1.0" encoding="UTF-8"?>
<!-- Generated by org.testng.reporters.JUnitReportReporter -->
<testsuite hostname="NSSEZ190" failures="0" tests="14" name="api.test.Building_Tests" time="1.589" errors="0" timestamp="2025-03-20T10:23:44 IST" skipped="0">
  <testcase classname="api.test.Building_Tests" name="test_GetBuildings" time="0.103"/>
  <testcase classname="api.test.Building_Tests" name="test_AddBuilding" time="0.091"/>
  <testcase classname="api.test.Building_Tests" name="test_GetAllBuildingsByProjectId" time="0.045"/>
  <testcase classname="api.test.Building_Tests" name="test_Update_Building" time="0.021"/>
  <testcase classname="api.test.Building_Tests" name="test_toggleArchiveBuilding" time="0.028"/>
  <testcase classname="api.test.Building_Tests" name="test_GetArchivedBuildingsByProjectId" time="0.023"/>
  <testcase classname="api.test.Building_Tests" name="test_removeToggleArchiveBuilding" time="0.023"/>
  <testcase classname="api.test.Building_Tests" name="test_GetBuildingByBuildingId" time="0.024"/>
  <testcase classname="api.test.Building_Tests" name="test_GetArchivedBuildings" time="0.027"/>
  <testcase classname="api.test.Building_Tests" name="test_GetBuildingHistoryByBuildingId" time="0.026"/>
  <testcase classname="api.test.Building_Tests" name="test_GetAllBuildingsHistory" time="1.093"/>
  <testcase classname="api.test.Building_Tests" name="test_CheckIsRevitFileUploadedByBuildingId" time="0.031"/>
  <testcase classname="api.test.Building_Tests" name="test_GetLineGraphValuesByProjectIdBuildingId" time="0.028"/>
  <testcase classname="api.test.Building_Tests" name="test_GetProjectLineGraphValuesByProjectIdBuildingId" time="0.026"/>
</testsuite> <!-- api.test.Building_Tests -->
