<?xml version="1.0" encoding="UTF-8"?>
<!-- Generated by org.testng.reporters.JUnitReportReporter -->
<testsuite hostname="NSSEZ190" failures="0" tests="2" name="api.test.DDtests" time="0.168" errors="0" timestamp="2025-02-20T18:11:24 IST" skipped="0">
  <testcase classname="api.test.DDtests" name="testCreateProject" time="0.054"/>
  <testcase classname="api.test.DDtests" name="testCreateProject" time="0.114"/>
</testsuite> <!-- api.test.DDtests -->
