<?xml version="1.0" encoding="UTF-8"?>
<!-- Generated by org.testng.reporters.JUnitReportReporter -->
<testsuite hostname="NSSEZ190" failures="0" tests="7" name="api.test.SummaryReport_Tests" time="0.230" errors="0" timestamp="2025-04-01T12:15:00 IST" skipped="0">
  <testcase classname="api.test.SummaryReport_Tests" name="test_GetProjectParameterProgress" time="0.028"/>
  <testcase classname="api.test.SummaryReport_Tests" name="test_GetRegionParameterProgress" time="0.024"/>
  <testcase classname="api.test.SummaryReport_Tests" name="test_GetBuildingParameterProgress" time="0.026"/>
  <testcase classname="api.test.SummaryReport_Tests" name="test_GetFloorParameterProgress" time="0.023"/>
  <testcase classname="api.test.SummaryReport_Tests" name="test_GetAddProgressToFloorParameter" time="0.041"/>
  <testcase classname="api.test.SummaryReport_Tests" name="test_GetAddProgressToBuildingParameter" time="0.043"/>
  <testcase classname="api.test.SummaryReport_Tests" name="test_GetAddProgressToProjectParameter" time="0.045"/>
</testsuite> <!-- api.test.SummaryReport_Tests -->
