<?xml version="1.0" encoding="UTF-8"?>
<!-- Generated by org.testng.reporters.JUnitReportReporter -->
<testsuite hostname="NSSEZ190" failures="0" tests="12" name="api.test.Project_Tests" time="2.144" errors="0" timestamp="2025-02-24T15:41:43 IST" skipped="0">
  <testcase classname="api.test.Project_Tests" name="test_CreateProject" time="1.711"/>
  <testcase classname="api.test.Project_Tests" name="test_CreateProject" time="0.067"/>
  <testcase classname="api.test.Project_Tests" name="test_GetProject" time="0.029"/>
  <testcase classname="api.test.Project_Tests" name="test_GetProject" time="0.015"/>
  <testcase classname="api.test.Project_Tests" name="test_UpdateProject" time="0.060"/>
  <testcase classname="api.test.Project_Tests" name="test_UpdateProject" time="0.082"/>
  <testcase classname="api.test.Project_Tests" name="test_GetActiveProject" time="0.024"/>
  <testcase classname="api.test.Project_Tests" name="test_GetActiveProject" time="0.066"/>
  <testcase classname="api.test.Project_Tests" name="test_GetArchivedProject" time="0.022"/>
  <testcase classname="api.test.Project_Tests" name="test_GetArchivedProject" time="0.024"/>
  <testcase classname="api.test.Project_Tests" name="test_GetProjectDetails" time="0.023"/>
  <testcase classname="api.test.Project_Tests" name="test_GetProjectDetails" time="0.021"/>
</testsuite> <!-- api.test.Project_Tests -->
