<?xml version="1.0" encoding="UTF-8"?>
<!-- Generated by org.testng.reporters.JUnitReportReporter -->
<testsuite hostname="NSSEZ190" failures="0" tests="4" name="api.test.User_Tests" time="0.228" errors="0" timestamp="2025-02-17T18:13:22 IST" skipped="0">
  <testcase classname="api.test.User_Tests" name="testLogin" time="0.113"/>
  <testcase classname="api.test.User_Tests" name="test_GetAllUser" time="0.042"/>
  <testcase classname="api.test.User_Tests" name="test_GetUserByEmailId" time="0.043"/>
  <testcase classname="api.test.User_Tests" name="testLogout" time="0.030"/>
</testsuite> <!-- api.test.User_Tests -->
