<?xml version="1.0" encoding="UTF-8"?>
<!-- Generated by org.testng.reporters.JUnitReportReporter -->
<testsuite hostname="NSSEZ190" failures="0" tests="8" name="api.test.Region_Tests" time="2.129" errors="0" timestamp="2025-02-24T15:41:43 IST" skipped="0">
  <testcase classname="api.test.Region_Tests" name="test_GetRegions" time="1.482"/>
  <testcase classname="api.test.Region_Tests" name="test_GetRegions" time="0.060"/>
  <testcase classname="api.test.Region_Tests" name="test_AddRegion" time="0.112"/>
  <testcase classname="api.test.Region_Tests" name="test_AddRegion" time="0.293"/>
  <testcase classname="api.test.Region_Tests" name="test_GetAllRegionsByFloorId" time="0.054"/>
  <testcase classname="api.test.Region_Tests" name="test_GetAllRegionsByFloorId" time="0.065"/>
  <testcase classname="api.test.Region_Tests" name="test_Update_Region" time="0.029"/>
  <testcase classname="api.test.Region_Tests" name="test_Update_Region" time="0.034"/>
</testsuite> <!-- api.test.Region_Tests -->
