<?xml version="1.0" encoding="UTF-8"?>
<!-- Generated by org.testng.reporters.JUnitReportReporter -->
<testsuite hostname="NSSEZ190" failures="0" tests="5" name="api.test.DDtests" time="0.479" errors="0" timestamp="2025-03-12T16:25:16 IST" skipped="0">
  <testcase classname="api.test.DDtests" name="test_CreateProject_DDT" time="0.052"/>
  <testcase classname="api.test.DDtests" name="test_CreateProject_DDT" time="0.150"/>
  <testcase classname="api.test.DDtests" name="test_CreateProject_DDT" time="0.152"/>
  <testcase classname="api.test.DDtests" name="test_CreateProject_DDT" time="0.071"/>
  <testcase classname="api.test.DDtests" name="test_CreateProject_DDT" time="0.054"/>
</testsuite> <!-- api.test.DDtests -->
