<?xml version="1.0" encoding="UTF-8"?>
<!-- Generated by org.testng.reporters.JUnitReportReporter -->
<testsuite hostname="NSSEZ190" failures="0" tests="8" name="api.test.Floor_Tests" time="2.325" errors="0" timestamp="2025-03-12T16:25:16 IST" skipped="0">
  <testcase classname="api.test.Floor_Tests" name="test_GetFloors" time="0.138"/>
  <testcase classname="api.test.Floor_Tests" name="test_GetArchivedFloors" time="0.036"/>
  <testcase classname="api.test.Floor_Tests" name="test_GetAllFloorsHistory" time="1.816"/>
  <testcase classname="api.test.Floor_Tests" name="test_AddFloor" time="0.170"/>
  <testcase classname="api.test.Floor_Tests" name="test_GetAllFloorsByBuildingId" time="0.049"/>
  <testcase classname="api.test.Floor_Tests" name="test_Update_Floor" time="0.029"/>
  <testcase classname="api.test.Floor_Tests" name="test_GetBargraphByFloorId" time="0.043"/>
  <testcase classname="api.test.Floor_Tests" name="test_GetFloorByFloorId" time="0.044"/>
</testsuite> <!-- api.test.Floor_Tests -->
