<?xml version="1.0" encoding="UTF-8"?>
<!-- Generated by org.testng.reporters.JUnitReportReporter -->
<testsuite hostname="NSSEZ190" failures="0" tests="5" name="api.test.License_Tests" time="0.116" errors="0" timestamp="2025-04-01T12:15:00 IST" skipped="0">
  <testcase classname="api.test.License_Tests" name="test_GetUserLicenseByEmailId" time="0.025"/>
  <testcase classname="api.test.License_Tests" name="test_CheckLogoforReportByCompanyId" time="0.018"/>
  <testcase classname="api.test.License_Tests" name="test_GetLogoforReportByCompanyId" time="0.021"/>
  <testcase classname="api.test.License_Tests" name="test_GetJobProcessor" time="0.024"/>
  <testcase classname="api.test.License_Tests" name="test_GetOffset" time="0.028"/>
</testsuite> <!-- api.test.License_Tests -->
