<?xml version="1.0" encoding="UTF-8"?>
<!-- Generated by org.testng.reporters.JUnitReportReporter -->
<testsuite hostname="NSSEZ190" failures="0" tests="1" name="api.test.Building_Tests" time="0.063" errors="0" timestamp="2025-02-20T18:11:24 IST" skipped="0">
  <testcase classname="api.test.Building_Tests" name="test_AddBuilding" time="0.063"/>
</testsuite> <!-- api.test.Building_Tests -->
