<?xml version="1.0" encoding="UTF-8"?>
<!-- Generated by org.testng.reporters.JUnitReportReporter -->
<testsuite hostname="NSSEZ190" failures="0" tests="4" name="api.test.User_Tests" time="0.206" errors="0" timestamp="2025-02-17T16:20:04 IST" skipped="0">
  <testcase classname="api.test.User_Tests" name="testLogin" time="0.109"/>
  <testcase classname="api.test.User_Tests" name="test_GetAllUser" time="0.032"/>
  <testcase classname="api.test.User_Tests" name="test_GetUserByEmailId" time="0.036"/>
  <testcase classname="api.test.User_Tests" name="testLogout" time="0.029"/>
</testsuite> <!-- api.test.User_Tests -->
