<?xml version="1.0" encoding="UTF-8"?>
<!-- Generated by org.testng.reporters.JUnitReportReporter -->
<testsuite hostname="NSSEZ190" failures="0" tests="4" name="api.test.DDtests" time="1.700" errors="0" timestamp="2025-02-27T12:33:10 IST" skipped="0">
  <testcase classname="api.test.DDtests" name="test_CreateProject_DDT" time="1.481"/>
  <testcase classname="api.test.DDtests" name="test_CreateProject_DDT" time="0.066"/>
  <testcase classname="api.test.DDtests" name="test_CreateProject_DDT" time="0.053"/>
  <testcase classname="api.test.DDtests" name="test_CreateProject_DDT" time="0.100"/>
</testsuite> <!-- api.test.DDtests -->
