<?xml version="1.0" encoding="UTF-8"?>
<!-- Generated by org.testng.reporters.JUnitReportReporter -->
<testsuite hostname="NSSEZ190" failures="0" tests="5" name="api.test.ProjectTests" time="1.556" errors="0" timestamp="2025-02-19T16:16:46 IST" skipped="0">
  <testcase classname="api.test.ProjectTests" name="test_CreateProject" time="1.449"/>
  <testcase classname="api.test.ProjectTests" name="test_GetProject" time="0.028"/>
  <testcase classname="api.test.ProjectTests" name="test_UpdateProject" time="0.045"/>
  <testcase classname="api.test.ProjectTests" name="test_GetActiveProject" time="0.017"/>
  <testcase classname="api.test.ProjectTests" name="test_GetArchivedProject" time="0.017"/>
</testsuite> <!-- api.test.ProjectTests -->
