<?xml version="1.0" encoding="UTF-8"?>
<!-- Generated by org.testng.reporters.JUnitReportReporter -->
<testsuite hostname="NSSEZ190" failures="0" tests="6" name="api.test.User_Tests" time="0.614" errors="0" timestamp="2025-03-12T16:25:16 IST" skipped="0">
  <testcase classname="api.test.User_Tests" name="testLogin" time="0.066"/>
  <testcase classname="api.test.User_Tests" name="test_GetAllUser" time="0.048"/>
  <testcase classname="api.test.User_Tests" name="test_GetUserByEmailId" time="0.040"/>
  <testcase classname="api.test.User_Tests" name="test_forgotPassword" time="0.215"/>
  <testcase classname="api.test.User_Tests" name="test_sendOtpToEmail" time="0.201"/>
  <testcase classname="api.test.User_Tests" name="testLogout" time="0.044"/>
</testsuite> <!-- api.test.User_Tests -->
