<?xml version="1.0" encoding="UTF-8"?>
<!-- Generated by org.testng.reporters.JUnitReportReporter -->
<testsuite hostname="NSSEZ190" failures="0" tests="12" name="api.test.ScanData_Tests" time="0.608" errors="0" timestamp="2025-03-03T17:55:29 IST" skipped="0">
  <testcase classname="api.test.ScanData_Tests" name="test_GetScanData" time="0.123"/>
  <testcase classname="api.test.ScanData_Tests" name="test_AddScanDate" time="0.083"/>
  <testcase classname="api.test.ScanData_Tests" name="test_GetScanDataByRegionId" time="0.039"/>
  <testcase classname="api.test.ScanData_Tests" name="test_GetProjectsProgressByProjectId" time="0.044"/>
  <testcase classname="api.test.ScanData_Tests" name="test_GetBuildingProgressByBuildingId" time="0.046"/>
  <testcase classname="api.test.ScanData_Tests" name="test_GetFloorProgressByFloorId" time="0.048"/>
  <testcase classname="api.test.ScanData_Tests" name="test_GetRegionProgressByProjectId" time="0.040"/>
  <testcase classname="api.test.ScanData_Tests" name="test_GetAllCustomersDiskSpace" time="0.030"/>
  <testcase classname="api.test.ScanData_Tests" name="test_GetCompanyDiskSpaceByCompanyId" time="0.045"/>
  <testcase classname="api.test.ScanData_Tests" name="test_GetWaitingProcessesList" time="0.045"/>
  <testcase classname="api.test.ScanData_Tests" name="test_GetStackItem" time="0.034"/>
  <testcase classname="api.test.ScanData_Tests" name="test_CheckJsonFiles" time="0.031"/>
</testsuite> <!-- api.test.ScanData_Tests -->
