<?xml version="1.0" encoding="UTF-8"?>
<!-- Generated by org.testng.reporters.JUnitReportReporter -->
<testsuite hostname="NSSEZ190" failures="0" tests="3" name="api.test.Project_Tests" time="1.282" errors="0" timestamp="2025-02-25T15:24:24 IST" skipped="0">
  <testcase classname="api.test.Project_Tests" name="test_CreateProject" time="1.207"/>
  <testcase classname="api.test.Project_Tests" name="test_GetProject" time="0.030"/>
  <testcase classname="api.test.Project_Tests" name="test_UpdateProject" time="0.045"/>
</testsuite> <!-- api.test.Project_Tests -->
