<?xml version="1.0" encoding="UTF-8"?>
<!-- Generated by org.testng.reporters.JUnitReportReporter -->
<testsuite hostname="NSSEZ190" failures="0" tests="6" name="api.test.User_Tests" time="0.633" errors="0" timestamp="2025-03-03T10:50:30 IST" skipped="0">
  <testcase classname="api.test.User_Tests" name="testLogin" time="0.069"/>
  <testcase classname="api.test.User_Tests" name="test_GetAllUser" time="0.056"/>
  <testcase classname="api.test.User_Tests" name="test_GetUserByEmailId" time="0.044"/>
  <testcase classname="api.test.User_Tests" name="test_forgotPassword" time="0.190"/>
  <testcase classname="api.test.User_Tests" name="test_sendOtpToEmail" time="0.248"/>
  <testcase classname="api.test.User_Tests" name="testLogout" time="0.026"/>
</testsuite> <!-- api.test.User_Tests -->
