<?xml version="1.0" encoding="UTF-8"?>
<!-- Generated by org.testng.reporters.JUnitReportReporter -->
<testsuite hostname="NSSEZ190" failures="0" tests="5" name="api.test.DDtests" time="0.206" errors="0" timestamp="2025-03-05T17:40:10 IST" skipped="0">
  <testcase classname="api.test.DDtests" name="test_CreateProject_DDT" time="0.043"/>
  <testcase classname="api.test.DDtests" name="test_CreateProject_DDT" time="0.040"/>
  <testcase classname="api.test.DDtests" name="test_CreateProject_DDT" time="0.040"/>
  <testcase classname="api.test.DDtests" name="test_CreateProject_DDT" time="0.043"/>
  <testcase classname="api.test.DDtests" name="test_CreateProject_DDT" time="0.040"/>
</testsuite> <!-- api.test.DDtests -->
