<?xml version="1.0" encoding="UTF-8"?>
<!-- Generated by org.testng.reporters.JUnitReportReporter -->
<testsuite hostname="NSSEZ190" failures="0" tests="7" name="api.test.DDtests" time="0.272" errors="0" timestamp="2025-03-20T10:23:44 IST" skipped="0">
  <testcase classname="api.test.DDtests" name="test_CreateProject_DDT" time="0.044"/>
  <testcase classname="api.test.DDtests" name="test_CreateProject_DDT" time="0.032"/>
  <testcase classname="api.test.DDtests" name="test_CreateProject_DDT" time="0.042"/>
  <testcase classname="api.test.DDtests" name="test_CreateProject_DDT" time="0.037"/>
  <testcase classname="api.test.DDtests" name="test_CreateProject_DDT" time="0.048"/>
  <testcase classname="api.test.DDtests" name="test_CreateProject_DDT" time="0.034"/>
  <testcase classname="api.test.DDtests" name="test_CreateProject_DDT" time="0.035"/>
</testsuite> <!-- api.test.DDtests -->
