<?xml version="1.0" encoding="UTF-8"?>
<!-- Generated by org.testng.reporters.JUnitReportReporter -->
<testsuite hostname="NSSEZ190" failures="0" tests="2" name="api.test.Project_Tests" time="1.112" errors="0" timestamp="2025-02-26T14:45:10 IST" skipped="0">
  <testcase classname="api.test.Project_Tests" name="test_GetActiveProject" time="1.061"/>
  <testcase classname="api.test.Project_Tests" name="test_GetArchivedProject" time="0.051"/>
</testsuite> <!-- api.test.Project_Tests -->
