<?xml version="1.0" encoding="UTF-8"?>
<!-- Generated by org.testng.reporters.JUnitReportReporter -->
<testsuite hostname="NSSEZ190" failures="0" tests="8" name="api.test.Floor_Tests" time="1.499" errors="0" timestamp="2025-03-17T18:15:43 IST" skipped="0">
  <testcase classname="api.test.Floor_Tests" name="test_GetArchivedFloors" time="0.020"/>
  <testcase classname="api.test.Floor_Tests" name="test_GetAllFloorsHistory" time="1.231"/>
  <testcase classname="api.test.Floor_Tests" name="test_GetFloors" time="0.076"/>
  <testcase classname="api.test.Floor_Tests" name="test_AddFloor" time="0.094"/>
  <testcase classname="api.test.Floor_Tests" name="test_GetAllFloorsByBuildingId" time="0.019"/>
  <testcase classname="api.test.Floor_Tests" name="test_Update_Floor" time="0.015"/>
  <testcase classname="api.test.Floor_Tests" name="test_GetFloorByFloorId" time="0.021"/>
  <testcase classname="api.test.Floor_Tests" name="test_GetBargraphByFloorId" time="0.023"/>
</testsuite> <!-- api.test.Floor_Tests -->
