<?xml version="1.0" encoding="UTF-8"?>
<!-- Generated by org.testng.reporters.JUnitReportReporter -->
<testsuite hostname="NSSEZ190" failures="0" tests="6" name="api.test.User_Tests" time="3.796" errors="0" timestamp="2025-03-03T16:24:29 IST" skipped="0">
  <testcase classname="api.test.User_Tests" name="testLogin" time="0.067"/>
  <testcase classname="api.test.User_Tests" name="test_GetAllUser" time="0.025"/>
  <testcase classname="api.test.User_Tests" name="test_GetUserByEmailId" time="0.024"/>
  <testcase classname="api.test.User_Tests" name="test_forgotPassword" time="2.808"/>
  <testcase classname="api.test.User_Tests" name="test_sendOtpToEmail" time="0.838"/>
  <testcase classname="api.test.User_Tests" name="testLogout" time="0.034"/>
</testsuite> <!-- api.test.User_Tests -->
