<?xml version="1.0" encoding="UTF-8"?>
<!-- Generated by org.testng.reporters.JUnitReportReporter -->
<testsuite hostname="NSSEZ190" failures="0" tests="10" name="api.test.ProjectTests" time="4.014" errors="0" timestamp="2025-02-19T12:31:46 IST" skipped="0">
  <testcase classname="api.test.ProjectTests" name="test_CreateProject" time="1.905"/>
  <testcase classname="api.test.ProjectTests" name="test_CreateProject" time="1.902"/>
  <testcase classname="api.test.ProjectTests" name="test_GetProject" time="0.020"/>
  <testcase classname="api.test.ProjectTests" name="test_GetProject" time="0.021"/>
  <testcase classname="api.test.ProjectTests" name="test_UpdateProject" time="0.044"/>
  <testcase classname="api.test.ProjectTests" name="test_UpdateProject" time="0.043"/>
  <testcase classname="api.test.ProjectTests" name="test_GetActiveProject" time="0.018"/>
  <testcase classname="api.test.ProjectTests" name="test_GetActiveProject" time="0.018"/>
  <testcase classname="api.test.ProjectTests" name="test_GetArchivedProject" time="0.020"/>
  <testcase classname="api.test.ProjectTests" name="test_GetArchivedProject" time="0.023"/>
</testsuite> <!-- api.test.ProjectTests -->
