<?xml version="1.0" encoding="UTF-8"?>
<!-- Generated by org.testng.reporters.JUnitReportReporter -->
<testsuite hostname="NSSEZ190" failures="0" tests="4" name="api.test.Floor_Tests" time="0.206" errors="0" timestamp="2025-02-24T11:32:19 IST" skipped="0">
  <testcase classname="api.test.Floor_Tests" name="test_GetFloors" time="0.071"/>
  <testcase classname="api.test.Floor_Tests" name="test_AddFloor" time="0.088"/>
  <testcase classname="api.test.Floor_Tests" name="test_GetAllFloorsByBuildingId" time="0.026"/>
  <testcase classname="api.test.Floor_Tests" name="test_Update_Floor" time="0.021"/>
</testsuite> <!-- api.test.Floor_Tests -->
