<?xml version="1.0" encoding="UTF-8"?>
<!-- Generated by org.testng.reporters.JUnitReportReporter -->
<testsuite hostname="NSSEZ190" failures="0" tests="4" name="api.test.User_Tests" time="1.829" errors="0" timestamp="2025-02-18T18:11:29 IST" skipped="0">
  <testcase classname="api.test.User_Tests" name="testLogin" time="1.657"/>
  <testcase classname="api.test.User_Tests" name="test_GetAllUser" time="0.070"/>
  <testcase classname="api.test.User_Tests" name="test_GetUserByEmailId" time="0.053"/>
  <testcase classname="api.test.User_Tests" name="testLogout" time="0.049"/>
</testsuite> <!-- api.test.User_Tests -->
