<?xml version="1.0" encoding="UTF-8"?>
<!-- Generated by org.testng.reporters.JUnitReportReporter -->
<testsuite hostname="NSSEZ190" failures="0" tests="7" name="api.test.Building_Tests" time="0.447" errors="0" timestamp="2025-02-28T16:22:44 IST" skipped="0">
  <testcase classname="api.test.Building_Tests" name="test_GetBuildings" time="0.101"/>
  <testcase classname="api.test.Building_Tests" name="test_AddBuilding" time="0.092"/>
  <testcase classname="api.test.Building_Tests" name="test_GetAllBuildingsByProjectId" time="0.064"/>
  <testcase classname="api.test.Building_Tests" name="test_Update_Building" time="0.052"/>
  <testcase classname="api.test.Building_Tests" name="test_toggleArchiveBuilding" time="0.052"/>
  <testcase classname="api.test.Building_Tests" name="test_GetArchivedBuildingsByProjectId" time="0.038"/>
  <testcase classname="api.test.Building_Tests" name="test_removeToggleArchiveBuilding" time="0.048"/>
</testsuite> <!-- api.test.Building_Tests -->
