<?xml version="1.0" encoding="UTF-8"?>
<!-- Generated by org.testng.reporters.JUnitReportReporter -->
<testsuite hostname="NSSEZ190" failures="0" tests="6" name="api.test.User_Tests" time="0.581" errors="0" timestamp="2025-03-06T15:56:13 IST" skipped="0">
  <testcase classname="api.test.User_Tests" name="testLogin" time="0.065"/>
  <testcase classname="api.test.User_Tests" name="test_GetAllUser" time="0.026"/>
  <testcase classname="api.test.User_Tests" name="test_GetUserByEmailId" time="0.029"/>
  <testcase classname="api.test.User_Tests" name="test_forgotPassword" time="0.181"/>
  <testcase classname="api.test.User_Tests" name="test_sendOtpToEmail" time="0.256"/>
  <testcase classname="api.test.User_Tests" name="testLogout" time="0.024"/>
</testsuite> <!-- api.test.User_Tests -->
