<?xml version="1.0" encoding="UTF-8"?>
<!-- Generated by org.testng.reporters.JUnitReportReporter -->
<testsuite hostname="NSSEZ190" failures="0" tests="6" name="api.test.User_Tests" time="1.789" errors="0" timestamp="2025-03-17T10:59:04 IST" skipped="0">
  <testcase classname="api.test.User_Tests" name="testLogin" time="0.067"/>
  <testcase classname="api.test.User_Tests" name="test_GetAllUser" time="0.028"/>
  <testcase classname="api.test.User_Tests" name="test_GetUserByEmailId" time="0.032"/>
  <testcase classname="api.test.User_Tests" name="test_forgotPassword" time="0.398"/>
  <testcase classname="api.test.User_Tests" name="test_sendOtpToEmail" time="1.239"/>
  <testcase classname="api.test.User_Tests" name="testLogout" time="0.025"/>
</testsuite> <!-- api.test.User_Tests -->
