<?xml version="1.0" encoding="UTF-8"?>
<!-- Generated by org.testng.reporters.JUnitReportReporter -->
<testsuite hostname="NSSEZ190" failures="0" tests="6" name="api.test.Project_Tests" time="1.655" errors="0" timestamp="2025-02-20T18:11:24 IST" skipped="0">
  <testcase classname="api.test.Project_Tests" name="test_CreateProject" time="1.502"/>
  <testcase classname="api.test.Project_Tests" name="test_GetProject" time="0.030"/>
  <testcase classname="api.test.Project_Tests" name="test_UpdateProject" time="0.065"/>
  <testcase classname="api.test.Project_Tests" name="test_GetActiveProject" time="0.020"/>
  <testcase classname="api.test.Project_Tests" name="test_GetArchivedProject" time="0.016"/>
  <testcase classname="api.test.Project_Tests" name="test_GetProjectDetails" time="0.022"/>
</testsuite> <!-- api.test.Project_Tests -->
