<?xml version="1.0" encoding="UTF-8"?>
<!-- Generated by org.testng.reporters.JUnitReportReporter -->
<testsuite hostname="NSSEZ190" failures="0" tests="28" name="api.test.Project_Tests" time="25.291" errors="0" timestamp="2025-03-17T18:25:09 IST" skipped="4">
  <testcase classname="api.test.Project_Tests" name="test_CreateProject" time="1.176"/>
  <testcase classname="api.test.Project_Tests" name="test_GetProject" time="0.061"/>
  <testcase classname="api.test.Project_Tests" name="test_GetActiveProject" time="0.126"/>
  <testcase classname="api.test.Project_Tests" name="test_GetArchivedProject" time="0.047"/>
  <testcase classname="api.test.Project_Tests" name="test_GetProjectDetails" time="0.033"/>
  <testcase classname="api.test.Project_Tests" name="test_GetTimeLineByProjectId" time="0.032"/>
  <testcase classname="api.test.Project_Tests" name="test_GetAreaByProjectId" time="0.030"/>
  <testcase classname="api.test.Project_Tests" name="test_GetCompanyDetailsByProjectId" time="0.037"/>
  <testcase classname="api.test.Project_Tests" name="test_GetProjectsByCompanyIdUserId" time="0.067"/>
  <testcase classname="api.test.Project_Tests" name="test_GetCompanyWiseProjectsByCompanyId" time="0.189"/>
  <testcase classname="api.test.Project_Tests" name="test_GetProjectByProjectId" time="0.026"/>
  <testcase classname="api.test.Project_Tests" name="test_GetAccDetailsByProjectId" time="0.028"/>
  <testcase classname="api.test.Project_Tests" name="test_GetSiteAddressByProjectId" time="0.025"/>
  <testcase classname="api.test.Project_Tests" name="test_GetFinanceByProjectId" time="0.028"/>
  <testcase classname="api.test.Project_Tests" name="test_GetProjectArchivedDetailsByProjectId" time="0.027"/>
  <testcase classname="api.test.Project_Tests" name="test_GetProjectCompanyByProjectId" time="0.027"/>
  <testcase classname="api.test.Project_Tests" name="test_GetProjectHistoryByProjectId" time="0.023"/>
  <testcase classname="api.test.Project_Tests" name="test_GetAllProjectHistory" time="2.126"/>
  <testcase classname="api.test.Project_Tests" name="test_GetHeatMapValuesByProjectId" time="0.024"/>
  <testcase classname="api.test.Project_Tests" name="test_getLineGraphValuesAllBuildingsByProjectId" time="0.025"/>
  <testcase classname="api.test.Project_Tests" name="test_getSingleLineGraphValueByProjectId" time="0.027"/>
  <testcase classname="api.test.Project_Tests" name="test_addProjectDataToArchiveServerByProjectId" time="5.038">
    <skipped/>
  </testcase> <!-- test_addProjectDataToArchiveServerByProjectId -->
  <testcase classname="api.test.Project_Tests" name="test_addProjectDataToArchiveServerByProjectId" time="5.036">
    <skipped/>
  </testcase> <!-- test_addProjectDataToArchiveServerByProjectId -->
  <testcase classname="api.test.Project_Tests" name="test_addProjectDataToArchiveServerByProjectId" time="0.889"/>
  <testcase classname="api.test.Project_Tests" name="test_addProjectDataToArchiveServerByProjectId" time="5.027">
    <skipped/>
  </testcase> <!-- test_addProjectDataToArchiveServerByProjectId -->
  <testcase classname="api.test.Project_Tests" name="test_addProjectDataToArchiveServerByProjectId" time="5.024">
    <skipped/>
  </testcase> <!-- test_addProjectDataToArchiveServerByProjectId -->
  <testcase classname="api.test.Project_Tests" name="test_addProjectDataToFileServerByProjectId" time="0.038"/>
  <testcase classname="api.test.Project_Tests" name="test_UpdateProject" time="0.055"/>
</testsuite> <!-- api.test.Project_Tests -->
