<?xml version="1.0" encoding="UTF-8"?>
<!-- Generated by org.testng.reporters.JUnitReportReporter -->
<testsuite hostname="NSSEZ190" failures="0" tests="1" name="api.test.ScanData_Tests" time="0.073" errors="0" timestamp="2025-03-03T12:12:34 IST" skipped="0">
  <testcase classname="api.test.ScanData_Tests" name="test_AddScanDate" time="0.073"/>
</testsuite> <!-- api.test.ScanData_Tests -->
