<?xml version="1.0" encoding="UTF-8"?>
<!-- Generated by org.testng.reporters.JUnitReportReporter -->
<testsuite hostname="NSSEZ190" failures="0" tests="4" name="api.test.Region_Tests" time="0.264" errors="0" timestamp="2025-03-03T10:50:30 IST" skipped="0">
  <testcase classname="api.test.Region_Tests" name="test_GetRegions" time="0.051"/>
  <testcase classname="api.test.Region_Tests" name="test_AddRegion" time="0.163"/>
  <testcase classname="api.test.Region_Tests" name="test_GetAllRegionsByFloorId" time="0.023"/>
  <testcase classname="api.test.Region_Tests" name="test_Update_Region" time="0.027"/>
</testsuite> <!-- api.test.Region_Tests -->
