<?xml version="1.0" encoding="UTF-8"?>
<!-- Generated by org.testng.reporters.JUnitReportReporter -->
<testsuite hostname="NSSEZ190" failures="0" tests="4" name="api.test.DDtests" time="0.190" errors="0" timestamp="2025-02-26T11:35:54 IST" skipped="0">
  <testcase classname="api.test.DDtests" name="test_CreateProject_DDT" time="0.040"/>
  <testcase classname="api.test.DDtests" name="test_CreateProject_DDT" time="0.044"/>
  <testcase classname="api.test.DDtests" name="test_CreateProject_DDT" time="0.049"/>
  <testcase classname="api.test.DDtests" name="test_CreateProject_DDT" time="0.057"/>
</testsuite> <!-- api.test.DDtests -->
