<?xml version="1.0" encoding="UTF-8"?>
<!-- Generated by org.testng.reporters.JUnitReportReporter -->
<testsuite hostname="NSSEZ190" failures="0" tests="6" name="api.test.User_Tests" time="1.109" errors="0" timestamp="2025-02-24T10:35:34 IST" skipped="0">
  <testcase classname="api.test.User_Tests" name="testLogin" time="0.099"/>
  <testcase classname="api.test.User_Tests" name="test_GetAllUser" time="0.044"/>
  <testcase classname="api.test.User_Tests" name="test_GetUserByEmailId" time="0.043"/>
  <testcase classname="api.test.User_Tests" name="test_forgotPassword" time="0.469"/>
  <testcase classname="api.test.User_Tests" name="test_sendOtpToEmail" time="0.425"/>
  <testcase classname="api.test.User_Tests" name="testLogout" time="0.029"/>
</testsuite> <!-- api.test.User_Tests -->
