<?xml version="1.0" encoding="UTF-8"?>
<!-- Generated by org.testng.reporters.JUnitReportReporter -->
<testsuite hostname="NSSEZ190" failures="0" tests="6" name="api.test.User_Tests" time="0.662" errors="0" timestamp="2025-02-25T15:22:03 IST" skipped="0">
  <testcase classname="api.test.User_Tests" name="testLogin" time="0.081"/>
  <testcase classname="api.test.User_Tests" name="test_GetAllUser" time="0.032"/>
  <testcase classname="api.test.User_Tests" name="test_GetUserByEmailId" time="0.026"/>
  <testcase classname="api.test.User_Tests" name="test_forgotPassword" time="0.291"/>
  <testcase classname="api.test.User_Tests" name="test_sendOtpToEmail" time="0.209"/>
  <testcase classname="api.test.User_Tests" name="testLogout" time="0.023"/>
</testsuite> <!-- api.test.User_Tests -->
