<?xml version="1.0" encoding="UTF-8"?>
<!-- Generated by org.testng.reporters.JUnitReportReporter -->
<testsuite hostname="NSSEZ190" failures="0" tests="3" name="api.test.ProjectTests" time="1.584" errors="0" timestamp="2025-02-15T14:00:40 IST" skipped="0">
  <testcase classname="api.test.ProjectTests" name="test_CreateProject" time="1.511"/>
  <testcase classname="api.test.ProjectTests" name="test_GetProject" time="0.031"/>
  <testcase classname="api.test.ProjectTests" name="test_UpdateProject" time="0.042"/>
</testsuite> <!-- api.test.ProjectTests -->
