<?xml version="1.0" encoding="UTF-8"?>
<!-- Generated by org.testng.reporters.JUnitReportReporter -->
<testsuite hostname="NSSEZ190" failures="0" tests="28" name="api.test.Project_Tests" time="25.872" errors="0" timestamp="2025-04-01T12:15:00 IST" skipped="4">
  <testcase classname="api.test.Project_Tests" name="test_CreateProject" time="1.246"/>
  <testcase classname="api.test.Project_Tests" name="test_GetProject" time="0.070"/>
  <testcase classname="api.test.Project_Tests" name="test_GetActiveProject" time="0.112"/>
  <testcase classname="api.test.Project_Tests" name="test_GetArchivedProject" time="0.050"/>
  <testcase classname="api.test.Project_Tests" name="test_GetProjectDetails" time="0.037"/>
  <testcase classname="api.test.Project_Tests" name="test_GetTimeLineByProjectId" time="0.033"/>
  <testcase classname="api.test.Project_Tests" name="test_GetAreaByProjectId" time="0.032"/>
  <testcase classname="api.test.Project_Tests" name="test_GetCompanyDetailsByProjectId" time="0.056"/>
  <testcase classname="api.test.Project_Tests" name="test_GetProjectsByCompanyIdUserId" time="0.068"/>
  <testcase classname="api.test.Project_Tests" name="test_GetCompanyWiseProjectsByCompanyId" time="0.211"/>
  <testcase classname="api.test.Project_Tests" name="test_GetProjectByProjectId" time="0.028"/>
  <testcase classname="api.test.Project_Tests" name="test_GetAccDetailsByProjectId" time="0.031"/>
  <testcase classname="api.test.Project_Tests" name="test_GetSiteAddressByProjectId" time="0.031"/>
  <testcase classname="api.test.Project_Tests" name="test_GetFinanceByProjectId" time="0.027"/>
  <testcase classname="api.test.Project_Tests" name="test_GetProjectArchivedDetailsByProjectId" time="0.027"/>
  <testcase classname="api.test.Project_Tests" name="test_GetProjectCompanyByProjectId" time="0.027"/>
  <testcase classname="api.test.Project_Tests" name="test_GetProjectHistoryByProjectId" time="0.026"/>
  <testcase classname="api.test.Project_Tests" name="test_GetAllProjectHistory" time="2.573"/>
  <testcase classname="api.test.Project_Tests" name="test_GetHeatMapValuesByProjectId" time="0.029"/>
  <testcase classname="api.test.Project_Tests" name="test_getLineGraphValuesAllBuildingsByProjectId" time="0.026"/>
  <testcase classname="api.test.Project_Tests" name="test_getSingleLineGraphValueByProjectId" time="0.028"/>
  <testcase classname="api.test.Project_Tests" name="test_addProjectDataToArchiveServerByProjectId" time="5.029">
    <skipped/>
  </testcase> <!-- test_addProjectDataToArchiveServerByProjectId -->
  <testcase classname="api.test.Project_Tests" name="test_addProjectDataToArchiveServerByProjectId" time="5.026">
    <skipped/>
  </testcase> <!-- test_addProjectDataToArchiveServerByProjectId -->
  <testcase classname="api.test.Project_Tests" name="test_addProjectDataToArchiveServerByProjectId" time="5.028">
    <skipped/>
  </testcase> <!-- test_addProjectDataToArchiveServerByProjectId -->
  <testcase classname="api.test.Project_Tests" name="test_addProjectDataToArchiveServerByProjectId" time="0.922"/>
  <testcase classname="api.test.Project_Tests" name="test_addProjectDataToArchiveServerByProjectId" time="5.027">
    <skipped/>
  </testcase> <!-- test_addProjectDataToArchiveServerByProjectId -->
  <testcase classname="api.test.Project_Tests" name="test_addProjectDataToFileServerByProjectId" time="0.029"/>
  <testcase classname="api.test.Project_Tests" name="test_UpdateProject" time="0.043"/>
</testsuite> <!-- api.test.Project_Tests -->
