<?xml version="1.0" encoding="UTF-8"?>
<!-- Generated by org.testng.reporters.JUnitReportReporter -->
<testsuite hostname="NSSEZ190" failures="0" tests="6" name="api.test.User_Tests" time="0.612" errors="0" timestamp="2025-03-04T18:08:00 IST" skipped="0">
  <testcase classname="api.test.User_Tests" name="testLogin" time="0.092"/>
  <testcase classname="api.test.User_Tests" name="test_GetAllUser" time="0.024"/>
  <testcase classname="api.test.User_Tests" name="test_GetUserByEmailId" time="0.021"/>
  <testcase classname="api.test.User_Tests" name="test_forgotPassword" time="0.218"/>
  <testcase classname="api.test.User_Tests" name="test_sendOtpToEmail" time="0.225"/>
  <testcase classname="api.test.User_Tests" name="testLogout" time="0.032"/>
</testsuite> <!-- api.test.User_Tests -->
