<?xml version="1.0" encoding="UTF-8"?>
<!-- Generated by org.testng.reporters.JUnitReportReporter -->
<testsuite hostname="NSSEZ190" failures="0" tests="6" name="api.test.User_Tests" time="1.848" errors="0" timestamp="2025-02-21T16:31:37 IST" skipped="0">
  <testcase classname="api.test.User_Tests" name="testLogin" time="0.086"/>
  <testcase classname="api.test.User_Tests" name="test_GetAllUser" time="0.030"/>
  <testcase classname="api.test.User_Tests" name="test_GetUserByEmailId" time="0.030"/>
  <testcase classname="api.test.User_Tests" name="test_forgotPassword" time="0.454"/>
  <testcase classname="api.test.User_Tests" name="test_sendOtpToEmail" time="1.222"/>
  <testcase classname="api.test.User_Tests" name="testLogout" time="0.026"/>
</testsuite> <!-- api.test.User_Tests -->
