<?xml version="1.0" encoding="UTF-8"?>
<!-- Generated by org.testng.reporters.JUnitReportReporter -->
<testsuite hostname="NSSEZ190" failures="0" tests="7" name="api.test.Project_Tests" time="1.814" errors="0" timestamp="2025-02-27T16:22:33 IST" skipped="0">
  <testcase classname="api.test.Project_Tests" name="test_CreateProject" time="1.527"/>
  <testcase classname="api.test.Project_Tests" name="test_GetProject" time="0.056"/>
  <testcase classname="api.test.Project_Tests" name="test_UpdateProject" time="0.080"/>
  <testcase classname="api.test.Project_Tests" name="test_GetActiveProject" time="0.045"/>
  <testcase classname="api.test.Project_Tests" name="test_GetArchivedProject" time="0.034"/>
  <testcase classname="api.test.Project_Tests" name="test_GetProjectDetails" time="0.036"/>
  <testcase classname="api.test.Project_Tests" name="test_GetTimeLineByProjectId" time="0.036"/>
</testsuite> <!-- api.test.Project_Tests -->
