<?xml version="1.0" encoding="UTF-8"?>
<!-- Generated by org.testng.reporters.JUnitReportReporter -->
<testsuite hostname="NSSEZ190" failures="0" tests="2" name="api.test.Floor_Tests" time="0.189" errors="0" timestamp="2025-02-21T16:31:37 IST" skipped="0">
  <testcase classname="api.test.Floor_Tests" name="test_GetFloors" time="0.097"/>
  <testcase classname="api.test.Floor_Tests" name="test_AddFloor" time="0.092"/>
</testsuite> <!-- api.test.Floor_Tests -->
