<?xml version="1.0" encoding="UTF-8"?>
<!-- Generated by org.testng.reporters.JUnitReportReporter -->
<testsuite hostname="NSSEZ190" failures="0" tests="13" name="api.test.Project_Tests" time="1.883" errors="0" timestamp="2025-03-05T17:40:10 IST" skipped="0">
  <testcase classname="api.test.Project_Tests" name="test_CreateProject" time="1.235"/>
  <testcase classname="api.test.Project_Tests" name="test_GetProject" time="0.051"/>
  <testcase classname="api.test.Project_Tests" name="test_UpdateProject" time="0.063"/>
  <testcase classname="api.test.Project_Tests" name="test_GetActiveProject" time="0.088"/>
  <testcase classname="api.test.Project_Tests" name="test_GetArchivedProject" time="0.050"/>
  <testcase classname="api.test.Project_Tests" name="test_GetProjectDetails" time="0.038"/>
  <testcase classname="api.test.Project_Tests" name="test_GetTimeLineByProjectId" time="0.039"/>
  <testcase classname="api.test.Project_Tests" name="test_GetAreaByProjectId" time="0.045"/>
  <testcase classname="api.test.Project_Tests" name="test_GetCompanyDetailsByProjectId" time="0.028"/>
  <testcase classname="api.test.Project_Tests" name="test_GetProjectsByCompanyIdUserId" time="0.050"/>
  <testcase classname="api.test.Project_Tests" name="test_GetCompanyWiseProjectsByCompanyId" time="0.141"/>
  <testcase classname="api.test.Project_Tests" name="test_GetProjectByProjectId" time="0.027"/>
  <testcase classname="api.test.Project_Tests" name="test_GetAccDetailsByProjectId" time="0.028"/>
</testsuite> <!-- api.test.Project_Tests -->
