<?xml version="1.0" encoding="UTF-8"?>
<!-- Generated by org.testng.reporters.JUnitReportReporter -->
<testsuite hostname="NSSEZ190" failures="0" tests="4" name="api.test.Floor_Tests" time="0.231" errors="0" timestamp="2025-02-28T16:22:44 IST" skipped="0">
  <testcase classname="api.test.Floor_Tests" name="test_GetFloors" time="0.073"/>
  <testcase classname="api.test.Floor_Tests" name="test_AddFloor" time="0.091"/>
  <testcase classname="api.test.Floor_Tests" name="test_GetAllFloorsByBuildingId" time="0.026"/>
  <testcase classname="api.test.Floor_Tests" name="test_Update_Floor" time="0.041"/>
</testsuite> <!-- api.test.Floor_Tests -->
