<?xml version="1.0" encoding="UTF-8"?>
<!-- Generated by org.testng.reporters.JUnitReportReporter -->
<testsuite hostname="NSSEZ190" failures="0" tests="6" name="api.test.Project_Tests" time="2.085" errors="0" timestamp="2025-02-24T10:35:34 IST" skipped="0">
  <testcase classname="api.test.Project_Tests" name="test_CreateProject" time="1.877"/>
  <testcase classname="api.test.Project_Tests" name="test_GetProject" time="0.042"/>
  <testcase classname="api.test.Project_Tests" name="test_UpdateProject" time="0.079"/>
  <testcase classname="api.test.Project_Tests" name="test_GetActiveProject" time="0.015"/>
  <testcase classname="api.test.Project_Tests" name="test_GetArchivedProject" time="0.043"/>
  <testcase classname="api.test.Project_Tests" name="test_GetProjectDetails" time="0.029"/>
</testsuite> <!-- api.test.Project_Tests -->
