<?xml version="1.0" encoding="UTF-8"?>
<!-- Generated by org.testng.reporters.JUnitReportReporter -->
<testsuite hostname="NSSEZ190" failures="0" tests="7" name="api.test.Region_Tests" time="1.732" errors="0" timestamp="2025-03-17T10:59:04 IST" skipped="0">
  <testcase classname="api.test.Region_Tests" name="test_GetRegions" time="0.060"/>
  <testcase classname="api.test.Region_Tests" name="test_AddRegion" time="0.192"/>
  <testcase classname="api.test.Region_Tests" name="test_GetAllRegionsByFloorId" time="0.023"/>
  <testcase classname="api.test.Region_Tests" name="test_Update_Region" time="0.033"/>
  <testcase classname="api.test.Region_Tests" name="test_GetRegionByRegionId" time="0.026"/>
  <testcase classname="api.test.Region_Tests" name="test_GetIdByRegionId" time="0.026"/>
  <testcase classname="api.test.Region_Tests" name="test_GetAllRegionHistory" time="1.372"/>
</testsuite> <!-- api.test.Region_Tests -->
