<?xml version="1.0" encoding="UTF-8"?>
<!-- Generated by org.testng.reporters.JUnitReportReporter -->
<testsuite hostname="NSSEZ190" failures="0" tests="12" name="api.test.User_Tests" time="2.169" errors="0" timestamp="2025-02-24T15:41:43 IST" skipped="0">
  <testcase classname="api.test.User_Tests" name="testLogin" time="0.143"/>
  <testcase classname="api.test.User_Tests" name="testLogin" time="0.157"/>
  <testcase classname="api.test.User_Tests" name="test_GetAllUser" time="0.049"/>
  <testcase classname="api.test.User_Tests" name="test_GetAllUser" time="0.054"/>
  <testcase classname="api.test.User_Tests" name="test_GetUserByEmailId" time="0.083"/>
  <testcase classname="api.test.User_Tests" name="test_GetUserByEmailId" time="0.039"/>
  <testcase classname="api.test.User_Tests" name="test_forgotPassword" time="0.457"/>
  <testcase classname="api.test.User_Tests" name="test_forgotPassword" time="0.454"/>
  <testcase classname="api.test.User_Tests" name="test_sendOtpToEmail" time="0.399"/>
  <testcase classname="api.test.User_Tests" name="test_sendOtpToEmail" time="0.237"/>
  <testcase classname="api.test.User_Tests" name="testLogout" time="0.026"/>
  <testcase classname="api.test.User_Tests" name="testLogout" time="0.071"/>
</testsuite> <!-- api.test.User_Tests -->
