<?xml version="1.0" encoding="UTF-8"?>
<!-- Generated by org.testng.reporters.JUnitReportReporter -->
<testsuite hostname="NSSEZ190" failures="0" tests="6" name="api.test.User_Tests" time="0.739" errors="0" timestamp="2025-02-21T11:07:23 IST" skipped="0">
  <testcase classname="api.test.User_Tests" name="testLogin" time="0.091"/>
  <testcase classname="api.test.User_Tests" name="test_GetAllUser" time="0.034"/>
  <testcase classname="api.test.User_Tests" name="test_GetUserByEmailId" time="0.025"/>
  <testcase classname="api.test.User_Tests" name="test_forgotPassword" time="0.401"/>
  <testcase classname="api.test.User_Tests" name="test_sendOtpToEmail" time="0.161"/>
  <testcase classname="api.test.User_Tests" name="testLogout" time="0.027"/>
</testsuite> <!-- api.test.User_Tests -->
