<?xml version="1.0" encoding="UTF-8"?>
<!-- Generated by org.testng.reporters.JUnitReportReporter -->
<testsuite hostname="NSSEZ190" failures="0" tests="12" name="api.test.ScanData_Tests" time="0.397" errors="0" timestamp="2025-03-20T10:23:44 IST" skipped="0">
  <testcase classname="api.test.ScanData_Tests" name="test_GetScanData" time="0.091"/>
  <testcase classname="api.test.ScanData_Tests" name="test_AddScanDate" time="0.060"/>
  <testcase classname="api.test.ScanData_Tests" name="test_GetScanDataByRegionId" time="0.039"/>
  <testcase classname="api.test.ScanData_Tests" name="test_GetProjectsProgressByProjectId" time="0.023"/>
  <testcase classname="api.test.ScanData_Tests" name="test_GetBuildingProgressByBuildingId" time="0.026"/>
  <testcase classname="api.test.ScanData_Tests" name="test_GetFloorProgressByFloorId" time="0.020"/>
  <testcase classname="api.test.ScanData_Tests" name="test_GetRegionProgressByProjectId" time="0.021"/>
  <testcase classname="api.test.ScanData_Tests" name="test_GetAllCustomersDiskSpace" time="0.025"/>
  <testcase classname="api.test.ScanData_Tests" name="test_GetCompanyDiskSpaceByCompanyId" time="0.024"/>
  <testcase classname="api.test.ScanData_Tests" name="test_GetWaitingProcessesList" time="0.023"/>
  <testcase classname="api.test.ScanData_Tests" name="test_GetStackItem" time="0.021"/>
  <testcase classname="api.test.ScanData_Tests" name="test_CheckJsonFiles" time="0.024"/>
</testsuite> <!-- api.test.ScanData_Tests -->
