<?xml version="1.0" encoding="UTF-8"?>
<!-- Generated by org.testng.reporters.JUnitReportReporter -->
<testsuite hostname="NSSEZ190" failures="0" tests="28" name="api.test.Project_Tests" time="26.278" errors="0" timestamp="2025-03-17T10:59:04 IST" skipped="4">
  <testcase classname="api.test.Project_Tests" name="test_CreateProject" time="1.571"/>
  <testcase classname="api.test.Project_Tests" name="test_GetProject" time="0.053"/>
  <testcase classname="api.test.Project_Tests" name="test_GetActiveProject" time="0.130"/>
  <testcase classname="api.test.Project_Tests" name="test_GetArchivedProject" time="0.076"/>
  <testcase classname="api.test.Project_Tests" name="test_GetProjectDetails" time="0.037"/>
  <testcase classname="api.test.Project_Tests" name="test_GetTimeLineByProjectId" time="0.054"/>
  <testcase classname="api.test.Project_Tests" name="test_GetAreaByProjectId" time="0.048"/>
  <testcase classname="api.test.Project_Tests" name="test_GetCompanyDetailsByProjectId" time="0.041"/>
  <testcase classname="api.test.Project_Tests" name="test_GetProjectsByCompanyIdUserId" time="0.074"/>
  <testcase classname="api.test.Project_Tests" name="test_GetCompanyWiseProjectsByCompanyId" time="0.214"/>
  <testcase classname="api.test.Project_Tests" name="test_GetProjectByProjectId" time="0.028"/>
  <testcase classname="api.test.Project_Tests" name="test_GetAccDetailsByProjectId" time="0.042"/>
  <testcase classname="api.test.Project_Tests" name="test_GetSiteAddressByProjectId" time="0.057"/>
  <testcase classname="api.test.Project_Tests" name="test_GetFinanceByProjectId" time="0.040"/>
  <testcase classname="api.test.Project_Tests" name="test_GetProjectArchivedDetailsByProjectId" time="0.046"/>
  <testcase classname="api.test.Project_Tests" name="test_GetProjectCompanyByProjectId" time="0.038"/>
  <testcase classname="api.test.Project_Tests" name="test_GetProjectHistoryByProjectId" time="0.056"/>
  <testcase classname="api.test.Project_Tests" name="test_GetAllProjectHistory" time="2.447"/>
  <testcase classname="api.test.Project_Tests" name="test_GetHeatMapValuesByProjectId" time="0.028"/>
  <testcase classname="api.test.Project_Tests" name="test_getLineGraphValuesAllBuildingsByProjectId" time="0.046"/>
  <testcase classname="api.test.Project_Tests" name="test_getSingleLineGraphValueByProjectId" time="0.029"/>
  <testcase classname="api.test.Project_Tests" name="test_addProjectDataToArchiveServerByProjectId" time="0.905"/>
  <testcase classname="api.test.Project_Tests" name="test_addProjectDataToArchiveServerByProjectId" time="5.028">
    <skipped/>
  </testcase> <!-- test_addProjectDataToArchiveServerByProjectId -->
  <testcase classname="api.test.Project_Tests" name="test_addProjectDataToArchiveServerByProjectId" time="5.028">
    <skipped/>
  </testcase> <!-- test_addProjectDataToArchiveServerByProjectId -->
  <testcase classname="api.test.Project_Tests" name="test_addProjectDataToArchiveServerByProjectId" time="5.034">
    <skipped/>
  </testcase> <!-- test_addProjectDataToArchiveServerByProjectId -->
  <testcase classname="api.test.Project_Tests" name="test_addProjectDataToArchiveServerByProjectId" time="5.025">
    <skipped/>
  </testcase> <!-- test_addProjectDataToArchiveServerByProjectId -->
  <testcase classname="api.test.Project_Tests" name="test_addProjectDataToFileServerByProjectId" time="0.031"/>
  <testcase classname="api.test.Project_Tests" name="test_UpdateProject" time="0.072"/>
</testsuite> <!-- api.test.Project_Tests -->
