<?xml version="1.0" encoding="UTF-8"?>
<!-- Generated by org.testng.reporters.JUnitReportReporter -->
<testsuite hostname="NSSEZ190" failures="0" tests="12" name="api.test.User_Tests" time="3.183" errors="0" timestamp="2025-02-19T12:31:46 IST" skipped="0">
  <testcase classname="api.test.User_Tests" name="testLogin" time="0.095"/>
  <testcase classname="api.test.User_Tests" name="testLogin" time="1.786"/>
  <testcase classname="api.test.User_Tests" name="test_GetAllUser" time="0.061"/>
  <testcase classname="api.test.User_Tests" name="test_GetAllUser" time="0.030"/>
  <testcase classname="api.test.User_Tests" name="test_GetUserByEmailId" time="0.058"/>
  <testcase classname="api.test.User_Tests" name="test_GetUserByEmailId" time="0.026"/>
  <testcase classname="api.test.User_Tests" name="test_forgotPassword" time="0.459"/>
  <testcase classname="api.test.User_Tests" name="test_forgotPassword" time="0.201"/>
  <testcase classname="api.test.User_Tests" name="test_sendOtpToEmail" time="0.230"/>
  <testcase classname="api.test.User_Tests" name="test_sendOtpToEmail" time="0.176"/>
  <testcase classname="api.test.User_Tests" name="testLogout" time="0.023"/>
  <testcase classname="api.test.User_Tests" name="testLogout" time="0.038"/>
</testsuite> <!-- api.test.User_Tests -->
