<?xml version="1.0" encoding="UTF-8"?>
<!-- Generated by org.testng.reporters.JUnitReportReporter -->
<testsuite hostname="NSSEZ190" failures="0" tests="7" name="api.test.Building_Tests" time="1.743" errors="0" timestamp="2025-03-03T17:55:29 IST" skipped="0">
  <testcase classname="api.test.Building_Tests" name="test_GetBuildings" time="1.370"/>
  <testcase classname="api.test.Building_Tests" name="test_AddBuilding" time="0.130"/>
  <testcase classname="api.test.Building_Tests" name="test_GetAllBuildingsByProjectId" time="0.047"/>
  <testcase classname="api.test.Building_Tests" name="test_Update_Building" time="0.036"/>
  <testcase classname="api.test.Building_Tests" name="test_toggleArchiveBuilding" time="0.043"/>
  <testcase classname="api.test.Building_Tests" name="test_GetArchivedBuildingsByProjectId" time="0.053"/>
  <testcase classname="api.test.Building_Tests" name="test_removeToggleArchiveBuilding" time="0.064"/>
</testsuite> <!-- api.test.Building_Tests -->
