<?xml version="1.0" encoding="UTF-8"?>
<!-- Generated by org.testng.reporters.JUnitReportReporter -->
<testsuite hostname="NSSEZ190" failures="0" tests="4" name="api.test.User_Tests" time="0.261" errors="0" timestamp="2025-02-15T16:57:21 IST" skipped="0">
  <testcase classname="api.test.User_Tests" name="testLogin" time="0.107"/>
  <testcase classname="api.test.User_Tests" name="test_GetAllUser" time="0.060"/>
  <testcase classname="api.test.User_Tests" name="test_GetUserByEmailId" time="0.044"/>
  <testcase classname="api.test.User_Tests" name="testLogout" time="0.050"/>
</testsuite> <!-- api.test.User_Tests -->
