<?xml version="1.0" encoding="UTF-8"?>
<!-- Generated by org.testng.reporters.JUnitReportReporter -->
<testsuite hostname="NSSEZ190" failures="0" tests="5" name="api.test.ProjectTests" time="2.061" errors="0" timestamp="2025-02-18T10:10:57 IST" skipped="0">
  <testcase classname="api.test.ProjectTests" name="test_CreateProject" time="1.919"/>
  <testcase classname="api.test.ProjectTests" name="test_GetProject" time="0.036"/>
  <testcase classname="api.test.ProjectTests" name="test_UpdateProject" time="0.057"/>
  <testcase classname="api.test.ProjectTests" name="test_GetActiveProject" time="0.019"/>
  <testcase classname="api.test.ProjectTests" name="test_GetArchivedProject" time="0.030"/>
</testsuite> <!-- api.test.ProjectTests -->
