<?xml version="1.0" encoding="UTF-8"?>
<!-- Generated by org.testng.reporters.JUnitReportReporter -->
<testsuite hostname="NSSEZ190" failures="0" tests="4" name="api.test.DDtests" time="0.169" errors="0" timestamp="2025-03-03T10:50:30 IST" skipped="0">
  <testcase classname="api.test.DDtests" name="test_CreateProject_DDT" time="0.048"/>
  <testcase classname="api.test.DDtests" name="test_CreateProject_DDT" time="0.042"/>
  <testcase classname="api.test.DDtests" name="test_CreateProject_DDT" time="0.039"/>
  <testcase classname="api.test.DDtests" name="test_CreateProject_DDT" time="0.040"/>
</testsuite> <!-- api.test.DDtests -->
