<?xml version="1.0" encoding="UTF-8"?>
<!-- Generated by org.testng.reporters.JUnitReportReporter -->
<testsuite hostname="NSSEZ190" failures="0" tests="14" name="api.test.Building_Tests" time="1.207" errors="0" timestamp="2025-04-01T12:15:00 IST" skipped="0">
  <testcase classname="api.test.Building_Tests" name="test_GetBuildings" time="0.093"/>
  <testcase classname="api.test.Building_Tests" name="test_AddBuilding" time="0.077"/>
  <testcase classname="api.test.Building_Tests" name="test_GetAllBuildingsByProjectId" time="0.028"/>
  <testcase classname="api.test.Building_Tests" name="test_Update_Building" time="0.025"/>
  <testcase classname="api.test.Building_Tests" name="test_toggleArchiveBuilding" time="0.030"/>
  <testcase classname="api.test.Building_Tests" name="test_GetArchivedBuildingsByProjectId" time="0.025"/>
  <testcase classname="api.test.Building_Tests" name="test_removeToggleArchiveBuilding" time="0.027"/>
  <testcase classname="api.test.Building_Tests" name="test_GetBuildingByBuildingId" time="0.026"/>
  <testcase classname="api.test.Building_Tests" name="test_GetArchivedBuildings" time="0.023"/>
  <testcase classname="api.test.Building_Tests" name="test_GetBuildingHistoryByBuildingId" time="0.023"/>
  <testcase classname="api.test.Building_Tests" name="test_GetAllBuildingsHistory" time="0.756"/>
  <testcase classname="api.test.Building_Tests" name="test_CheckIsRevitFileUploadedByBuildingId" time="0.026"/>
  <testcase classname="api.test.Building_Tests" name="test_GetLineGraphValuesByProjectIdBuildingId" time="0.024"/>
  <testcase classname="api.test.Building_Tests" name="test_GetProjectLineGraphValuesByProjectIdBuildingId" time="0.024"/>
</testsuite> <!-- api.test.Building_Tests -->
