<?xml version="1.0" encoding="UTF-8"?>
<!-- Generated by org.testng.reporters.JUnitReportReporter -->
<testsuite hostname="NSSEZ190" failures="0" tests="4" name="api.test.Floor_Tests" time="0.182" errors="0" timestamp="2025-03-03T16:24:29 IST" skipped="0">
  <testcase classname="api.test.Floor_Tests" name="test_GetFloors" time="0.058"/>
  <testcase classname="api.test.Floor_Tests" name="test_AddFloor" time="0.081"/>
  <testcase classname="api.test.Floor_Tests" name="test_GetAllFloorsByBuildingId" time="0.024"/>
  <testcase classname="api.test.Floor_Tests" name="test_Update_Floor" time="0.019"/>
</testsuite> <!-- api.test.Floor_Tests -->
