<?xml version="1.0" encoding="UTF-8"?>
<!-- Generated by org.testng.reporters.JUnitReportReporter -->
<testsuite hostname="NSSEZ190" failures="0" tests="9" name="api.test.Project_Tests" time="1.926" errors="0" timestamp="2025-03-03T17:55:29 IST" skipped="0">
  <testcase classname="api.test.Project_Tests" name="test_CreateProject" time="1.452"/>
  <testcase classname="api.test.Project_Tests" name="test_GetProject" time="0.068"/>
  <testcase classname="api.test.Project_Tests" name="test_UpdateProject" time="0.093"/>
  <testcase classname="api.test.Project_Tests" name="test_GetActiveProject" time="0.092"/>
  <testcase classname="api.test.Project_Tests" name="test_GetArchivedProject" time="0.070"/>
  <testcase classname="api.test.Project_Tests" name="test_GetProjectDetails" time="0.038"/>
  <testcase classname="api.test.Project_Tests" name="test_GetTimeLineByProjectId" time="0.033"/>
  <testcase classname="api.test.Project_Tests" name="test_GetCompanyDetailsByProjectId" time="0.043"/>
  <testcase classname="api.test.Project_Tests" name="test_GetAreaByProjectId" time="0.037"/>
</testsuite> <!-- api.test.Project_Tests -->
