<?xml version="1.0" encoding="UTF-8"?>
<!-- Generated by org.testng.reporters.JUnitReportReporter -->
<testsuite hostname="NSSEZ190" failures="0" tests="7" name="api.test.Region_Tests" time="1.833" errors="0" timestamp="2025-04-01T12:15:00 IST" skipped="0">
  <testcase classname="api.test.Region_Tests" name="test_GetRegions" time="0.071"/>
  <testcase classname="api.test.Region_Tests" name="test_AddRegion" time="0.109"/>
  <testcase classname="api.test.Region_Tests" name="test_GetAllRegionsByFloorId" time="0.026"/>
  <testcase classname="api.test.Region_Tests" name="test_Update_Region" time="0.018"/>
  <testcase classname="api.test.Region_Tests" name="test_GetRegionByRegionId" time="0.023"/>
  <testcase classname="api.test.Region_Tests" name="test_GetIdByRegionId" time="0.021"/>
  <testcase classname="api.test.Region_Tests" name="test_GetAllRegionHistory" time="1.565"/>
</testsuite> <!-- api.test.Region_Tests -->
