<?xml version="1.0" encoding="UTF-8"?>
<!-- Generated by org.testng.reporters.JUnitReportReporter -->
<testsuite hostname="NSSEZ190" failures="0" tests="2" name="api.test.DDtests" time="0.165" errors="0" timestamp="2025-02-17T16:07:40 IST" skipped="0">
  <testcase classname="api.test.DDtests" name="testCreateProject" time="0.082"/>
  <testcase classname="api.test.DDtests" name="testCreateProject" time="0.083"/>
</testsuite> <!-- api.test.DDtests -->
