<?xml version="1.0" encoding="UTF-8"?>
<!-- Generated by org.testng.reporters.JUnitReportReporter -->
<testsuite hostname="NSSEZ190" failures="0" tests="6" name="api.test.User_Tests" time="2.091" errors="0" timestamp="2025-02-20T11:36:20 IST" skipped="0">
  <testcase classname="api.test.User_Tests" name="testLogin" time="0.117"/>
  <testcase classname="api.test.User_Tests" name="test_GetAllUser" time="0.049"/>
  <testcase classname="api.test.User_Tests" name="test_GetUserByEmailId" time="0.054"/>
  <testcase classname="api.test.User_Tests" name="test_forgotPassword" time="1.226"/>
  <testcase classname="api.test.User_Tests" name="test_sendOtpToEmail" time="0.614"/>
  <testcase classname="api.test.User_Tests" name="testLogout" time="0.031"/>
</testsuite> <!-- api.test.User_Tests -->
