<?xml version="1.0" encoding="UTF-8"?>
<!-- Generated by org.testng.reporters.JUnitReportReporter -->
<testsuite hostname="NSSEZ190" failures="0" tests="4" name="api.test.DDtests" time="0.179" errors="0" timestamp="2025-02-28T16:22:44 IST" skipped="0">
  <testcase classname="api.test.DDtests" name="test_CreateProject_DDT" time="0.056"/>
  <testcase classname="api.test.DDtests" name="test_CreateProject_DDT" time="0.042"/>
  <testcase classname="api.test.DDtests" name="test_CreateProject_DDT" time="0.041"/>
  <testcase classname="api.test.DDtests" name="test_CreateProject_DDT" time="0.040"/>
</testsuite> <!-- api.test.DDtests -->
