<?xml version="1.0" encoding="UTF-8"?>
<!-- Generated by org.testng.reporters.JUnitReportReporter -->
<testsuite hostname="NSSEZ190" failures="0" tests="9" name="api.test.Project_Tests" time="1.618" errors="0" timestamp="2025-03-03T16:24:29 IST" skipped="0">
  <testcase classname="api.test.Project_Tests" name="test_CreateProject" time="1.233"/>
  <testcase classname="api.test.Project_Tests" name="test_GetProject" time="0.066"/>
  <testcase classname="api.test.Project_Tests" name="test_UpdateProject" time="0.062"/>
  <testcase classname="api.test.Project_Tests" name="test_GetActiveProject" time="0.081"/>
  <testcase classname="api.test.Project_Tests" name="test_GetArchivedProject" time="0.043"/>
  <testcase classname="api.test.Project_Tests" name="test_GetProjectDetails" time="0.038"/>
  <testcase classname="api.test.Project_Tests" name="test_GetTimeLineByProjectId" time="0.032"/>
  <testcase classname="api.test.Project_Tests" name="test_GetAreaByProjectId" time="0.039"/>
  <testcase classname="api.test.Project_Tests" name="test_GetCompanyDetailsByProjectId" time="0.024"/>
</testsuite> <!-- api.test.Project_Tests -->
