<?xml version="1.0" encoding="UTF-8"?>
<!-- Generated by org.testng.reporters.JUnitReportReporter -->
<testsuite hostname="NSSEZ190" failures="0" tests="6" name="api.test.Project_Tests" time="1.676" errors="0" timestamp="2025-02-21T16:31:37 IST" skipped="0">
  <testcase classname="api.test.Project_Tests" name="test_CreateProject" time="1.515"/>
  <testcase classname="api.test.Project_Tests" name="test_GetProject" time="0.031"/>
  <testcase classname="api.test.Project_Tests" name="test_UpdateProject" time="0.067"/>
  <testcase classname="api.test.Project_Tests" name="test_GetActiveProject" time="0.023"/>
  <testcase classname="api.test.Project_Tests" name="test_GetArchivedProject" time="0.018"/>
  <testcase classname="api.test.Project_Tests" name="test_GetProjectDetails" time="0.022"/>
</testsuite> <!-- api.test.Project_Tests -->
