<?xml version="1.0" encoding="UTF-8"?>
<!-- Generated by org.testng.reporters.JUnitReportReporter -->
<testsuite hostname="NSSEZ190" failures="0" tests="2" name="api.test.ScanData_Tests" time="0.116" errors="0" timestamp="2025-02-25T18:07:30 IST" skipped="0">
  <testcase classname="api.test.ScanData_Tests" name="test_GetScanData" time="0.054"/>
  <testcase classname="api.test.ScanData_Tests" name="test_AddScanDate" time="0.062"/>
</testsuite> <!-- api.test.ScanData_Tests -->
