<?xml version="1.0" encoding="UTF-8"?>
<!-- Generated by org.testng.reporters.JUnitReportReporter -->
<testsuite hostname="NSSEZ190" failures="0" tests="8" name="api.test.Floor_Tests" time="1.568" errors="0" timestamp="2025-03-17T10:59:04 IST" skipped="0">
  <testcase classname="api.test.Floor_Tests" name="test_GetFloors" time="0.081"/>
  <testcase classname="api.test.Floor_Tests" name="test_GetArchivedFloors" time="0.034"/>
  <testcase classname="api.test.Floor_Tests" name="test_GetAllFloorsHistory" time="1.169"/>
  <testcase classname="api.test.Floor_Tests" name="test_AddFloor" time="0.167"/>
  <testcase classname="api.test.Floor_Tests" name="test_GetAllFloorsByBuildingId" time="0.023"/>
  <testcase classname="api.test.Floor_Tests" name="test_Update_Floor" time="0.032"/>
  <testcase classname="api.test.Floor_Tests" name="test_GetBargraphByFloorId" time="0.026"/>
  <testcase classname="api.test.Floor_Tests" name="test_GetFloorByFloorId" time="0.036"/>
</testsuite> <!-- api.test.Floor_Tests -->
