<?xml version="1.0" encoding="UTF-8"?>
<!-- Generated by org.testng.reporters.JUnitReportReporter -->
<testsuite hostname="NSSEZ190" failures="0" tests="4" name="api.test.DDtests" time="0.166" errors="0" timestamp="2025-02-25T15:41:52 IST" skipped="0">
  <testcase classname="api.test.DDtests" name="test_CreateProject_DDT" time="0.041"/>
  <testcase classname="api.test.DDtests" name="test_CreateProject_DDT" time="0.041"/>
  <testcase classname="api.test.DDtests" name="test_CreateProject_DDT" time="0.041"/>
  <testcase classname="api.test.DDtests" name="test_CreateProject_DDT" time="0.043"/>
</testsuite> <!-- api.test.DDtests -->
