<?xml version="1.0" encoding="UTF-8"?>
<!-- Generated by org.testng.reporters.JUnitReportReporter -->
<testsuite hostname="NSSEZ190" failures="0" tests="6" name="api.test.User_Tests" time="6.130" errors="0" timestamp="2025-02-20T18:11:24 IST" skipped="0">
  <testcase classname="api.test.User_Tests" name="testLogin" time="0.111"/>
  <testcase classname="api.test.User_Tests" name="test_GetAllUser" time="0.045"/>
  <testcase classname="api.test.User_Tests" name="test_GetUserByEmailId" time="0.047"/>
  <testcase classname="api.test.User_Tests" name="test_forgotPassword" time="5.527"/>
  <testcase classname="api.test.User_Tests" name="test_sendOtpToEmail" time="0.375"/>
  <testcase classname="api.test.User_Tests" name="testLogout" time="0.025"/>
</testsuite> <!-- api.test.User_Tests -->
