<?xml version="1.0" encoding="UTF-8"?>
<!-- Generated by org.testng.reporters.JUnitReportReporter -->
<testsuite hostname="NSSEZ190" failures="0" tests="8" name="api.test.Building_Tests" time="2.078" errors="0" timestamp="2025-02-24T15:41:43 IST" skipped="0">
  <testcase classname="api.test.Building_Tests" name="test_GetBuildings" time="0.124"/>
  <testcase classname="api.test.Building_Tests" name="test_GetBuildings" time="1.586"/>
  <testcase classname="api.test.Building_Tests" name="test_AddBuilding" time="0.130"/>
  <testcase classname="api.test.Building_Tests" name="test_AddBuilding" time="0.079"/>
  <testcase classname="api.test.Building_Tests" name="test_GetAllBuildingsByProjectId" time="0.061"/>
  <testcase classname="api.test.Building_Tests" name="test_GetAllBuildingsByProjectId" time="0.037"/>
  <testcase classname="api.test.Building_Tests" name="test_Update_Building" time="0.024"/>
  <testcase classname="api.test.Building_Tests" name="test_Update_Building" time="0.037"/>
</testsuite> <!-- api.test.Building_Tests -->
