<?xml version="1.0" encoding="UTF-8"?>
<!-- Generated by org.testng.reporters.JUnitReportReporter -->
<testsuite hostname="NSSEZ190" failures="0" tests="2" name="api.test.DDtests" time="0.964" errors="0" timestamp="2025-02-19T15:56:18 IST" skipped="0">
  <testcase classname="api.test.DDtests" name="testCreateProject" time="0.074"/>
  <testcase classname="api.test.DDtests" name="testCreateProject" time="0.890"/>
</testsuite> <!-- api.test.DDtests -->
