<?xml version="1.0" encoding="UTF-8"?>
<!-- Generated by org.testng.reporters.JUnitReportReporter -->
<testsuite hostname="NSSEZ190" failures="0" tests="3" name="api.test.Project_Tests" time="1.404" errors="0" timestamp="2025-02-25T18:07:30 IST" skipped="0">
  <testcase classname="api.test.Project_Tests" name="test_CreateProject" time="1.328"/>
  <testcase classname="api.test.Project_Tests" name="test_GetProject" time="0.029"/>
  <testcase classname="api.test.Project_Tests" name="test_UpdateProject" time="0.047"/>
</testsuite> <!-- api.test.Project_Tests -->
