<?xml version="1.0" encoding="UTF-8"?>
<!-- Generated by org.testng.reporters.JUnitReportReporter -->
<testsuite hostname="NSSEZ190" failures="0" tests="5" name="api.test.License_Tests" time="0.206" errors="0" timestamp="2025-03-12T16:25:16 IST" skipped="0">
  <testcase classname="api.test.License_Tests" name="test_GetUserLicenseByEmailId" time="0.032"/>
  <testcase classname="api.test.License_Tests" name="test_CheckLogoforReportByCompanyId" time="0.041"/>
  <testcase classname="api.test.License_Tests" name="test_GetLogoforReportByCompanyId" time="0.040"/>
  <testcase classname="api.test.License_Tests" name="test_GetJobProcessor" time="0.059"/>
  <testcase classname="api.test.License_Tests" name="test_GetOffset" time="0.034"/>
</testsuite> <!-- api.test.License_Tests -->
