<?xml version="1.0" encoding="UTF-8"?>
<!-- Generated by org.testng.reporters.JUnitReportReporter -->
<testsuite hostname="NSSEZ190" failures="0" tests="6" name="api.test.Parameter_Tests" time="0.155" errors="0" timestamp="2025-03-06T15:56:13 IST" skipped="0">
  <testcase classname="api.test.Parameter_Tests" name="test_GetGlobalParameterStatusByCompanyId" time="0.022"/>
  <testcase classname="api.test.Parameter_Tests" name="test_GetProjectParameterStatusByProjectId" time="0.022"/>
  <testcase classname="api.test.Parameter_Tests" name="test_GetBuildingParameterStatusByBuildingId" time="0.024"/>
  <testcase classname="api.test.Parameter_Tests" name="test_GetFloorParameterStatusByFloorId" time="0.025"/>
  <testcase classname="api.test.Parameter_Tests" name="test_GetRegionParameterStatusByRegionId" time="0.025"/>
  <testcase classname="api.test.Parameter_Tests" name="test_GetParameterMaster" time="0.037"/>
</testsuite> <!-- api.test.Parameter_Tests -->
