<?xml version="1.0" encoding="UTF-8"?>
<!-- Generated by org.testng.reporters.JUnitReportReporter -->
<testsuite hostname="NSSEZ190" failures="0" tests="12" name="api.test.ScanData_Tests" time="0.562" errors="0" timestamp="2025-03-17T10:59:04 IST" skipped="0">
  <testcase classname="api.test.ScanData_Tests" name="test_GetScanData" time="0.049"/>
  <testcase classname="api.test.ScanData_Tests" name="test_AddScanDate" time="0.241"/>
  <testcase classname="api.test.ScanData_Tests" name="test_GetScanDataByRegionId" time="0.036"/>
  <testcase classname="api.test.ScanData_Tests" name="test_GetProjectsProgressByProjectId" time="0.024"/>
  <testcase classname="api.test.ScanData_Tests" name="test_GetBuildingProgressByBuildingId" time="0.021"/>
  <testcase classname="api.test.ScanData_Tests" name="test_GetFloorProgressByFloorId" time="0.023"/>
  <testcase classname="api.test.ScanData_Tests" name="test_GetRegionProgressByProjectId" time="0.028"/>
  <testcase classname="api.test.ScanData_Tests" name="test_GetAllCustomersDiskSpace" time="0.028"/>
  <testcase classname="api.test.ScanData_Tests" name="test_GetCompanyDiskSpaceByCompanyId" time="0.026"/>
  <testcase classname="api.test.ScanData_Tests" name="test_GetWaitingProcessesList" time="0.024"/>
  <testcase classname="api.test.ScanData_Tests" name="test_GetStackItem" time="0.034"/>
  <testcase classname="api.test.ScanData_Tests" name="test_CheckJsonFiles" time="0.028"/>
</testsuite> <!-- api.test.ScanData_Tests -->
