<?xml version="1.0" encoding="UTF-8"?>
<!-- Generated by org.testng.reporters.JUnitReportReporter -->
<testsuite hostname="NSSEZ190" failures="0" tests="7" name="api.test.DDtests" time="0.271" errors="0" timestamp="2025-04-01T12:15:00 IST" skipped="0">
  <testcase classname="api.test.DDtests" name="test_CreateProject_DDT" time="0.034"/>
  <testcase classname="api.test.DDtests" name="test_CreateProject_DDT" time="0.037"/>
  <testcase classname="api.test.DDtests" name="test_CreateProject_DDT" time="0.044"/>
  <testcase classname="api.test.DDtests" name="test_CreateProject_DDT" time="0.035"/>
  <testcase classname="api.test.DDtests" name="test_CreateProject_DDT" time="0.036"/>
  <testcase classname="api.test.DDtests" name="test_CreateProject_DDT" time="0.036"/>
  <testcase classname="api.test.DDtests" name="test_CreateProject_DDT" time="0.049"/>
</testsuite> <!-- api.test.DDtests -->
