<?xml version="1.0" encoding="UTF-8"?>
<!-- Generated by org.testng.reporters.JUnitReportReporter -->
<testsuite hostname="NSSEZ190" failures="0" tests="6" name="api.test.User_Tests" time="0.925" errors="0" timestamp="2025-03-17T18:25:09 IST" skipped="0">
  <testcase classname="api.test.User_Tests" name="testLogin" time="0.106"/>
  <testcase classname="api.test.User_Tests" name="test_GetAllUser" time="0.053"/>
  <testcase classname="api.test.User_Tests" name="test_GetUserByEmailId" time="0.042"/>
  <testcase classname="api.test.User_Tests" name="test_forgotPassword" time="0.191"/>
  <testcase classname="api.test.User_Tests" name="test_sendOtpToEmail" time="0.487"/>
  <testcase classname="api.test.User_Tests" name="testLogout" time="0.046"/>
</testsuite> <!-- api.test.User_Tests -->
