<?xml version="1.0" encoding="UTF-8"?>
<!-- Generated by org.testng.reporters.JUnitReportReporter -->
<testsuite hostname="NSSEZ190" failures="0" tests="7" name="api.test.Region_Tests" time="1.386" errors="0" timestamp="2025-03-07T18:06:52 IST" skipped="0">
  <testcase classname="api.test.Region_Tests" name="test_GetRegions" time="0.058"/>
  <testcase classname="api.test.Region_Tests" name="test_AddRegion" time="0.124"/>
  <testcase classname="api.test.Region_Tests" name="test_GetAllRegionsByFloorId" time="0.036"/>
  <testcase classname="api.test.Region_Tests" name="test_Update_Region" time="0.018"/>
  <testcase classname="api.test.Region_Tests" name="test_GetRegionByRegionId" time="0.021"/>
  <testcase classname="api.test.Region_Tests" name="test_GetIdByRegionId" time="0.022"/>
  <testcase classname="api.test.Region_Tests" name="test_GetAllRegionHistory" time="1.107"/>
</testsuite> <!-- api.test.Region_Tests -->
