<?xml version="1.0" encoding="UTF-8"?>
<!-- Generated by org.testng.reporters.JUnitReportReporter -->
<testsuite hostname="NSSEZ190" failures="0" tests="6" name="api.test.ProjectTests" time="1.848" errors="0" timestamp="2025-02-20T10:23:09 IST" skipped="0">
  <testcase classname="api.test.ProjectTests" name="test_CreateProject" time="1.714"/>
  <testcase classname="api.test.ProjectTests" name="test_GetProject" time="0.029"/>
  <testcase classname="api.test.ProjectTests" name="test_UpdateProject" time="0.046"/>
  <testcase classname="api.test.ProjectTests" name="test_GetActiveProject" time="0.017"/>
  <testcase classname="api.test.ProjectTests" name="test_GetArchivedProject" time="0.022"/>
  <testcase classname="api.test.ProjectTests" name="test_GetProjectDetails" time="0.020"/>
</testsuite> <!-- api.test.ProjectTests -->
