<?xml version="1.0" encoding="UTF-8"?>
<!-- Generated by org.testng.reporters.JUnitReportReporter -->
<testsuite hostname="NSSEZ190" failures="0" tests="7" name="api.test.DDtests" time="0.397" errors="0" timestamp="2025-03-17T18:25:09 IST" skipped="0">
  <testcase classname="api.test.DDtests" name="test_CreateProject_DDT" time="0.051"/>
  <testcase classname="api.test.DDtests" name="test_CreateProject_DDT" time="0.060"/>
  <testcase classname="api.test.DDtests" name="test_CreateProject_DDT" time="0.051"/>
  <testcase classname="api.test.DDtests" name="test_CreateProject_DDT" time="0.065"/>
  <testcase classname="api.test.DDtests" name="test_CreateProject_DDT" time="0.064"/>
  <testcase classname="api.test.DDtests" name="test_CreateProject_DDT" time="0.052"/>
  <testcase classname="api.test.DDtests" name="test_CreateProject_DDT" time="0.054"/>
</testsuite> <!-- api.test.DDtests -->
