<?xml version="1.0" encoding="UTF-8"?>
<!-- Generated by org.testng.reporters.JUnitReportReporter -->
<testsuite hostname="NSSEZ190" failures="0" tests="5" name="api.test.ProjectTests" time="1.549" errors="0" timestamp="2025-02-17T16:07:40 IST" skipped="0">
  <testcase classname="api.test.ProjectTests" name="test_CreateProject" time="1.415"/>
  <testcase classname="api.test.ProjectTests" name="test_GetProject" time="0.026"/>
  <testcase classname="api.test.ProjectTests" name="test_UpdateProject" time="0.036"/>
  <testcase classname="api.test.ProjectTests" name="test_GetActiveProject" time="0.058"/>
  <testcase classname="api.test.ProjectTests" name="test_GetArchivedProject" time="0.014"/>
</testsuite> <!-- api.test.ProjectTests -->
