<?xml version="1.0" encoding="UTF-8"?>
<!-- Generated by org.testng.reporters.JUnitReportReporter -->
<testsuite hostname="NSSEZ190" failures="0" tests="10" name="api.test.ProjectTests" time="4.009" errors="0" timestamp="2025-02-18T14:39:49 IST" skipped="0">
  <testcase classname="api.test.ProjectTests" name="test_CreateProject" time="1.890"/>
  <testcase classname="api.test.ProjectTests" name="test_CreateProject" time="1.891"/>
  <testcase classname="api.test.ProjectTests" name="test_GetProject" time="0.022"/>
  <testcase classname="api.test.ProjectTests" name="test_GetProject" time="0.023"/>
  <testcase classname="api.test.ProjectTests" name="test_UpdateProject" time="0.058"/>
  <testcase classname="api.test.ProjectTests" name="test_UpdateProject" time="0.056"/>
  <testcase classname="api.test.ProjectTests" name="test_GetActiveProject" time="0.019"/>
  <testcase classname="api.test.ProjectTests" name="test_GetActiveProject" time="0.016"/>
  <testcase classname="api.test.ProjectTests" name="test_GetArchivedProject" time="0.019"/>
  <testcase classname="api.test.ProjectTests" name="test_GetArchivedProject" time="0.015"/>
</testsuite> <!-- api.test.ProjectTests -->
