<?xml version="1.0" encoding="UTF-8"?>
<!-- Generated by org.testng.reporters.JUnitReportReporter -->
<testsuite hostname="NSSEZ190" failures="0" tests="6" name="api.test.Project_Tests" time="1.608" errors="0" timestamp="2025-02-24T11:32:19 IST" skipped="0">
  <testcase classname="api.test.Project_Tests" name="test_CreateProject" time="1.457"/>
  <testcase classname="api.test.Project_Tests" name="test_GetProject" time="0.028"/>
  <testcase classname="api.test.Project_Tests" name="test_UpdateProject" time="0.054"/>
  <testcase classname="api.test.Project_Tests" name="test_GetActiveProject" time="0.021"/>
  <testcase classname="api.test.Project_Tests" name="test_GetArchivedProject" time="0.024"/>
  <testcase classname="api.test.Project_Tests" name="test_GetProjectDetails" time="0.024"/>
</testsuite> <!-- api.test.Project_Tests -->
