<?xml version="1.0" encoding="UTF-8"?>
<!-- Generated by org.testng.reporters.JUnitReportReporter -->
<testsuite hostname="NSSEZ190" failures="0" tests="2" name="api.test.DDtests" time="1.064" errors="0" timestamp="2025-02-18T17:24:56 IST" skipped="0">
  <testcase classname="api.test.DDtests" name="testCreateProject" time="0.069"/>
  <testcase classname="api.test.DDtests" name="testCreateProject" time="0.995"/>
</testsuite> <!-- api.test.DDtests -->
