<?xml version="1.0" encoding="UTF-8"?>
<!-- Generated by org.testng.reporters.JUnitReportReporter -->
<testsuite hostname="NSSEZ190" failures="0" tests="5" name="api.test.DDtests" time="0.183" errors="0" timestamp="2025-03-04T18:08:00 IST" skipped="0">
  <testcase classname="api.test.DDtests" name="test_CreateProject_DDT" time="0.033"/>
  <testcase classname="api.test.DDtests" name="test_CreateProject_DDT" time="0.035"/>
  <testcase classname="api.test.DDtests" name="test_CreateProject_DDT" time="0.034"/>
  <testcase classname="api.test.DDtests" name="test_CreateProject_DDT" time="0.044"/>
  <testcase classname="api.test.DDtests" name="test_CreateProject_DDT" time="0.037"/>
</testsuite> <!-- api.test.DDtests -->
