<?xml version="1.0" encoding="UTF-8"?>
<!-- Generated by org.testng.reporters.JUnitReportReporter -->
<testsuite hostname="NSSEZ190" failures="0" tests="10" name="api.test.ProjectTests" time="4.161" errors="0" timestamp="2025-02-18T17:24:56 IST" skipped="0">
  <testcase classname="api.test.ProjectTests" name="test_CreateProject" time="1.947"/>
  <testcase classname="api.test.ProjectTests" name="test_CreateProject" time="1.946"/>
  <testcase classname="api.test.ProjectTests" name="test_GetProject" time="0.049"/>
  <testcase classname="api.test.ProjectTests" name="test_GetProject" time="0.025"/>
  <testcase classname="api.test.ProjectTests" name="test_UpdateProject" time="0.058"/>
  <testcase classname="api.test.ProjectTests" name="test_UpdateProject" time="0.057"/>
  <testcase classname="api.test.ProjectTests" name="test_GetActiveProject" time="0.024"/>
  <testcase classname="api.test.ProjectTests" name="test_GetActiveProject" time="0.023"/>
  <testcase classname="api.test.ProjectTests" name="test_GetArchivedProject" time="0.017"/>
  <testcase classname="api.test.ProjectTests" name="test_GetArchivedProject" time="0.015"/>
</testsuite> <!-- api.test.ProjectTests -->
