<?xml version="1.0" encoding="UTF-8"?>
<!-- Generated by org.testng.reporters.JUnitReportReporter -->
<testsuite hostname="NSSEZ190" failures="0" tests="1" name="api.test.Building_Tests" time="0.038" errors="0" timestamp="2025-02-20T11:36:20 IST" skipped="0">
  <testcase classname="api.test.Building_Tests" name="test_GetBuildings" time="0.038"/>
</testsuite> <!-- api.test.Building_Tests -->
