<?xml version="1.0" encoding="UTF-8"?>
<!-- Generated by org.testng.reporters.JUnitReportReporter -->
<testsuite hostname="NSSEZ190" failures="0" tests="8" name="api.test.User_Tests" time="2.268" errors="0" timestamp="2025-02-18T17:24:56 IST" skipped="0">
  <testcase classname="api.test.User_Tests" name="testLogin" time="0.139"/>
  <testcase classname="api.test.User_Tests" name="testLogin" time="1.821"/>
  <testcase classname="api.test.User_Tests" name="test_GetAllUser" time="0.048"/>
  <testcase classname="api.test.User_Tests" name="test_GetAllUser" time="0.069"/>
  <testcase classname="api.test.User_Tests" name="test_GetUserByEmailId" time="0.028"/>
  <testcase classname="api.test.User_Tests" name="test_GetUserByEmailId" time="0.081"/>
  <testcase classname="api.test.User_Tests" name="testLogout" time="0.054"/>
  <testcase classname="api.test.User_Tests" name="testLogout" time="0.028"/>
</testsuite> <!-- api.test.User_Tests -->
