<?xml version="1.0" encoding="UTF-8"?>
<!-- Generated by org.testng.reporters.JUnitReportReporter -->
<testsuite hostname="NSSEZ190" failures="0" tests="6" name="api.test.Project_Tests" time="1.626" errors="0" timestamp="2025-02-20T11:36:20 IST" skipped="0">
  <testcase classname="api.test.Project_Tests" name="test_CreateProject" time="1.490"/>
  <testcase classname="api.test.Project_Tests" name="test_GetProject" time="0.029"/>
  <testcase classname="api.test.Project_Tests" name="test_UpdateProject" time="0.048"/>
  <testcase classname="api.test.Project_Tests" name="test_GetActiveProject" time="0.022"/>
  <testcase classname="api.test.Project_Tests" name="test_GetArchivedProject" time="0.019"/>
  <testcase classname="api.test.Project_Tests" name="test_GetProjectDetails" time="0.018"/>
</testsuite> <!-- api.test.Project_Tests -->
