<?xml version="1.0" encoding="UTF-8"?>
<!-- Generated by org.testng.reporters.JUnitReportReporter -->
<testsuite hostname="NSSEZ190" failures="0" tests="5" name="api.test.Parameter_Tests" time="0.210" errors="0" timestamp="2025-03-03T17:55:29 IST" skipped="0">
  <testcase classname="api.test.Parameter_Tests" name="test_GetGlobalParameterStatusByCompanyId" time="0.044"/>
  <testcase classname="api.test.Parameter_Tests" name="test_GetProjectParameterStatusByProjectId" time="0.070"/>
  <testcase classname="api.test.Parameter_Tests" name="test_GetBuildingParameterStatusByBuildingId" time="0.032"/>
  <testcase classname="api.test.Parameter_Tests" name="test_GetFloorParameterStatusByFloorId" time="0.035"/>
  <testcase classname="api.test.Parameter_Tests" name="test_GetRegionParameterStatusByRegionId" time="0.029"/>
</testsuite> <!-- api.test.Parameter_Tests -->
