<?xml version="1.0" encoding="UTF-8"?>
<!-- Generated by org.testng.reporters.JUnitReportReporter -->
<testsuite hostname="NSSEZ190" failures="0" tests="5" name="api.test.License_Tests" time="0.139" errors="0" timestamp="2025-03-17T10:59:04 IST" skipped="0">
  <testcase classname="api.test.License_Tests" name="test_GetUserLicenseByEmailId" time="0.022"/>
  <testcase classname="api.test.License_Tests" name="test_CheckLogoforReportByCompanyId" time="0.029"/>
  <testcase classname="api.test.License_Tests" name="test_GetLogoforReportByCompanyId" time="0.026"/>
  <testcase classname="api.test.License_Tests" name="test_GetJobProcessor" time="0.034"/>
  <testcase classname="api.test.License_Tests" name="test_GetOffset" time="0.028"/>
</testsuite> <!-- api.test.License_Tests -->
