<?xml version="1.0" encoding="UTF-8"?>
<!-- Generated by org.testng.reporters.JUnitReportReporter -->
<testsuite hostname="NSSEZ190" failures="0" tests="6" name="api.test.User_Tests" time="0.931" errors="0" timestamp="2025-04-01T12:15:00 IST" skipped="0">
  <testcase classname="api.test.User_Tests" name="testLogin" time="0.060"/>
  <testcase classname="api.test.User_Tests" name="test_GetAllUser" time="0.023"/>
  <testcase classname="api.test.User_Tests" name="test_GetUserByEmailId" time="0.024"/>
  <testcase classname="api.test.User_Tests" name="test_forgotPassword" time="0.381"/>
  <testcase classname="api.test.User_Tests" name="test_sendOtpToEmail" time="0.422"/>
  <testcase classname="api.test.User_Tests" name="testLogout" time="0.021"/>
</testsuite> <!-- api.test.User_Tests -->
