<?xml version="1.0" encoding="UTF-8"?>
<!-- Generated by org.testng.reporters.JUnitReportReporter -->
<testsuite hostname="NSSEZ190" failures="0" tests="8" name="api.test.Floor_Tests" time="1.350" errors="0" timestamp="2025-03-06T15:56:13 IST" skipped="0">
  <testcase classname="api.test.Floor_Tests" name="test_GetAllFloorsHistory" time="1.083"/>
  <testcase classname="api.test.Floor_Tests" name="test_GetFloors" time="0.055"/>
  <testcase classname="api.test.Floor_Tests" name="test_GetArchivedFloors" time="0.029"/>
  <testcase classname="api.test.Floor_Tests" name="test_AddFloor" time="0.082"/>
  <testcase classname="api.test.Floor_Tests" name="test_GetAllFloorsByBuildingId" time="0.022"/>
  <testcase classname="api.test.Floor_Tests" name="test_Update_Floor" time="0.031"/>
  <testcase classname="api.test.Floor_Tests" name="test_GetFloorByFloorId" time="0.023"/>
  <testcase classname="api.test.Floor_Tests" name="test_GetBargraphByFloorId" time="0.025"/>
</testsuite> <!-- api.test.Floor_Tests -->
