<?xml version="1.0" encoding="UTF-8"?>
<!-- Generated by org.testng.reporters.JUnitReportReporter -->
<testsuite hostname="NSSEZ190" failures="0" tests="28" name="api.test.Project_Tests" time="26.697" errors="0" timestamp="2025-03-12T16:25:16 IST" skipped="4">
  <testcase classname="api.test.Project_Tests" name="test_CreateProject" time="1.375"/>
  <testcase classname="api.test.Project_Tests" name="test_GetProject" time="0.107"/>
  <testcase classname="api.test.Project_Tests" name="test_GetActiveProject" time="0.154"/>
  <testcase classname="api.test.Project_Tests" name="test_GetArchivedProject" time="0.127"/>
  <testcase classname="api.test.Project_Tests" name="test_GetProjectDetails" time="0.068"/>
  <testcase classname="api.test.Project_Tests" name="test_GetTimeLineByProjectId" time="0.055"/>
  <testcase classname="api.test.Project_Tests" name="test_GetAreaByProjectId" time="0.069"/>
  <testcase classname="api.test.Project_Tests" name="test_GetCompanyDetailsByProjectId" time="0.052"/>
  <testcase classname="api.test.Project_Tests" name="test_GetProjectsByCompanyIdUserId" time="0.110"/>
  <testcase classname="api.test.Project_Tests" name="test_GetCompanyWiseProjectsByCompanyId" time="0.174"/>
  <testcase classname="api.test.Project_Tests" name="test_GetProjectByProjectId" time="0.066"/>
  <testcase classname="api.test.Project_Tests" name="test_GetAccDetailsByProjectId" time="0.055"/>
  <testcase classname="api.test.Project_Tests" name="test_GetSiteAddressByProjectId" time="0.052"/>
  <testcase classname="api.test.Project_Tests" name="test_GetFinanceByProjectId" time="0.048"/>
  <testcase classname="api.test.Project_Tests" name="test_GetProjectArchivedDetailsByProjectId" time="0.059"/>
  <testcase classname="api.test.Project_Tests" name="test_GetProjectCompanyByProjectId" time="0.061"/>
  <testcase classname="api.test.Project_Tests" name="test_GetProjectHistoryByProjectId" time="0.059"/>
  <testcase classname="api.test.Project_Tests" name="test_GetAllProjectHistory" time="2.407"/>
  <testcase classname="api.test.Project_Tests" name="test_GetHeatMapValuesByProjectId" time="0.037"/>
  <testcase classname="api.test.Project_Tests" name="test_getLineGraphValuesAllBuildingsByProjectId" time="0.111"/>
  <testcase classname="api.test.Project_Tests" name="test_getSingleLineGraphValueByProjectId" time="0.139"/>
  <testcase classname="api.test.Project_Tests" name="test_addProjectDataToArchiveServerByProjectId" time="5.058">
    <skipped/>
  </testcase> <!-- test_addProjectDataToArchiveServerByProjectId -->
  <testcase classname="api.test.Project_Tests" name="test_addProjectDataToArchiveServerByProjectId" time="5.064">
    <skipped/>
  </testcase> <!-- test_addProjectDataToArchiveServerByProjectId -->
  <testcase classname="api.test.Project_Tests" name="test_addProjectDataToArchiveServerByProjectId" time="0.849"/>
  <testcase classname="api.test.Project_Tests" name="test_addProjectDataToArchiveServerByProjectId" time="5.043">
    <skipped/>
  </testcase> <!-- test_addProjectDataToArchiveServerByProjectId -->
  <testcase classname="api.test.Project_Tests" name="test_addProjectDataToArchiveServerByProjectId" time="5.043">
    <skipped/>
  </testcase> <!-- test_addProjectDataToArchiveServerByProjectId -->
  <testcase classname="api.test.Project_Tests" name="test_UpdateProject" time="0.183"/>
  <testcase classname="api.test.Project_Tests" name="test_addProjectDataToFileServerByProjectId" time="0.072"/>
</testsuite> <!-- api.test.Project_Tests -->
