<?xml version="1.0" encoding="UTF-8"?>
<!-- Generated by org.testng.reporters.JUnitReportReporter -->
<testsuite hostname="NSSEZ190" failures="0" tests="1" name="api.test.ScanData_Tests" time="1.203" errors="0" timestamp="2025-02-26T11:41:18 IST" skipped="0">
  <testcase classname="api.test.ScanData_Tests" name="test_AddScanDate" time="1.203"/>
</testsuite> <!-- api.test.ScanData_Tests -->
