<?xml version="1.0" encoding="UTF-8"?>
<!-- Generated by org.testng.reporters.JUnitReportReporter -->
<testsuite hostname="NSSEZ190" failures="0" tests="28" name="api.test.Project_Tests" time="25.654" errors="0" timestamp="2025-03-17T18:15:43 IST" skipped="4">
  <testcase classname="api.test.Project_Tests" name="test_CreateProject" time="1.203"/>
  <testcase classname="api.test.Project_Tests" name="test_GetProject" time="0.070"/>
  <testcase classname="api.test.Project_Tests" name="test_GetActiveProject" time="0.097"/>
  <testcase classname="api.test.Project_Tests" name="test_GetArchivedProject" time="0.054"/>
  <testcase classname="api.test.Project_Tests" name="test_GetProjectDetails" time="0.043"/>
  <testcase classname="api.test.Project_Tests" name="test_GetTimeLineByProjectId" time="0.032"/>
  <testcase classname="api.test.Project_Tests" name="test_GetAreaByProjectId" time="0.030"/>
  <testcase classname="api.test.Project_Tests" name="test_GetCompanyDetailsByProjectId" time="0.039"/>
  <testcase classname="api.test.Project_Tests" name="test_GetProjectsByCompanyIdUserId" time="0.096"/>
  <testcase classname="api.test.Project_Tests" name="test_GetCompanyWiseProjectsByCompanyId" time="0.153"/>
  <testcase classname="api.test.Project_Tests" name="test_GetProjectByProjectId" time="0.032"/>
  <testcase classname="api.test.Project_Tests" name="test_GetAccDetailsByProjectId" time="0.029"/>
  <testcase classname="api.test.Project_Tests" name="test_GetSiteAddressByProjectId" time="0.027"/>
  <testcase classname="api.test.Project_Tests" name="test_GetFinanceByProjectId" time="0.027"/>
  <testcase classname="api.test.Project_Tests" name="test_GetProjectArchivedDetailsByProjectId" time="0.030"/>
  <testcase classname="api.test.Project_Tests" name="test_GetProjectCompanyByProjectId" time="0.027"/>
  <testcase classname="api.test.Project_Tests" name="test_GetProjectHistoryByProjectId" time="0.028"/>
  <testcase classname="api.test.Project_Tests" name="test_GetAllProjectHistory" time="2.464"/>
  <testcase classname="api.test.Project_Tests" name="test_GetHeatMapValuesByProjectId" time="0.029"/>
  <testcase classname="api.test.Project_Tests" name="test_getLineGraphValuesAllBuildingsByProjectId" time="0.027"/>
  <testcase classname="api.test.Project_Tests" name="test_getSingleLineGraphValueByProjectId" time="0.028"/>
  <testcase classname="api.test.Project_Tests" name="test_addProjectDataToArchiveServerByProjectId" time="5.033">
    <skipped/>
  </testcase> <!-- test_addProjectDataToArchiveServerByProjectId -->
  <testcase classname="api.test.Project_Tests" name="test_addProjectDataToArchiveServerByProjectId" time="5.032">
    <skipped/>
  </testcase> <!-- test_addProjectDataToArchiveServerByProjectId -->
  <testcase classname="api.test.Project_Tests" name="test_addProjectDataToArchiveServerByProjectId" time="5.053">
    <skipped/>
  </testcase> <!-- test_addProjectDataToArchiveServerByProjectId -->
  <testcase classname="api.test.Project_Tests" name="test_addProjectDataToArchiveServerByProjectId" time="5.036">
    <skipped/>
  </testcase> <!-- test_addProjectDataToArchiveServerByProjectId -->
  <testcase classname="api.test.Project_Tests" name="test_addProjectDataToArchiveServerByProjectId" time="0.864"/>
  <testcase classname="api.test.Project_Tests" name="test_addProjectDataToFileServerByProjectId" time="0.024"/>
  <testcase classname="api.test.Project_Tests" name="test_UpdateProject" time="0.047"/>
</testsuite> <!-- api.test.Project_Tests -->
