<?xml version="1.0" encoding="UTF-8"?>
<!-- Generated by org.testng.reporters.JUnitReportReporter -->
<testsuite hostname="NSSEZ190" failures="0" tests="7" name="api.test.SummaryReport_Tests" time="0.303" errors="0" timestamp="2025-03-17T18:25:09 IST" skipped="0">
  <testcase classname="api.test.SummaryReport_Tests" name="test_GetProjectParameterProgress" time="0.030"/>
  <testcase classname="api.test.SummaryReport_Tests" name="test_GetRegionParameterProgress" time="0.038"/>
  <testcase classname="api.test.SummaryReport_Tests" name="test_GetBuildingParameterProgress" time="0.048"/>
  <testcase classname="api.test.SummaryReport_Tests" name="test_GetFloorParameterProgress" time="0.028"/>
  <testcase classname="api.test.SummaryReport_Tests" name="test_GetAddProgressToFloorParameter" time="0.048"/>
  <testcase classname="api.test.SummaryReport_Tests" name="test_GetAddProgressToBuildingParameter" time="0.048"/>
  <testcase classname="api.test.SummaryReport_Tests" name="test_GetAddProgressToProjectParameter" time="0.063"/>
</testsuite> <!-- api.test.SummaryReport_Tests -->
