<?xml version="1.0" encoding="UTF-8"?>
<!-- Generated by org.testng.reporters.JUnitReportReporter -->
<testsuite hostname="NSSEZ190" failures="0" tests="6" name="api.test.User_Tests" time="2.239" errors="0" timestamp="2025-03-14T15:54:06 IST" skipped="0">
  <testcase classname="api.test.User_Tests" name="testLogin" time="1.356"/>
  <testcase classname="api.test.User_Tests" name="test_GetAllUser" time="0.158"/>
  <testcase classname="api.test.User_Tests" name="test_GetUserByEmailId" time="0.061"/>
  <testcase classname="api.test.User_Tests" name="test_forgotPassword" time="0.346"/>
  <testcase classname="api.test.User_Tests" name="test_sendOtpToEmail" time="0.257"/>
  <testcase classname="api.test.User_Tests" name="testLogout" time="0.061"/>
</testsuite> <!-- api.test.User_Tests -->
