<?xml version="1.0" encoding="UTF-8"?>
<!-- Generated by org.testng.reporters.JUnitReportReporter -->
<testsuite hostname="NSSEZ190" failures="0" tests="9" name="api.test.Project_Tests" time="1.647" errors="0" timestamp="2025-03-04T18:08:00 IST" skipped="0">
  <testcase classname="api.test.Project_Tests" name="test_CreateProject" time="1.229"/>
  <testcase classname="api.test.Project_Tests" name="test_GetProject" time="0.052"/>
  <testcase classname="api.test.Project_Tests" name="test_UpdateProject" time="0.065"/>
  <testcase classname="api.test.Project_Tests" name="test_GetActiveProject" time="0.082"/>
  <testcase classname="api.test.Project_Tests" name="test_GetArchivedProject" time="0.048"/>
  <testcase classname="api.test.Project_Tests" name="test_GetProjectDetails" time="0.047"/>
  <testcase classname="api.test.Project_Tests" name="test_GetTimeLineByProjectId" time="0.039"/>
  <testcase classname="api.test.Project_Tests" name="test_GetAreaByProjectId" time="0.059"/>
  <testcase classname="api.test.Project_Tests" name="test_GetCompanyDetailsByProjectId" time="0.026"/>
</testsuite> <!-- api.test.Project_Tests -->
