<?xml version="1.0" encoding="UTF-8"?>
<!-- Generated by org.testng.reporters.JUnitReportReporter -->
<testsuite hostname="NSSEZ190" failures="0" tests="6" name="api.test.User_Tests" time="0.746" errors="0" timestamp="2025-03-07T18:06:52 IST" skipped="0">
  <testcase classname="api.test.User_Tests" name="testLogin" time="0.063"/>
  <testcase classname="api.test.User_Tests" name="test_GetAllUser" time="0.024"/>
  <testcase classname="api.test.User_Tests" name="test_GetUserByEmailId" time="0.027"/>
  <testcase classname="api.test.User_Tests" name="test_forgotPassword" time="0.197"/>
  <testcase classname="api.test.User_Tests" name="test_sendOtpToEmail" time="0.412"/>
  <testcase classname="api.test.User_Tests" name="testLogout" time="0.023"/>
</testsuite> <!-- api.test.User_Tests -->
