<?xml version="1.0" encoding="UTF-8"?>
<!-- Generated by org.testng.reporters.JUnitReportReporter -->
<testsuite hostname="NSSEZ190" failures="0" tests="12" name="api.test.Building_Tests" time="1.187" errors="0" timestamp="2025-03-04T18:08:00 IST" skipped="0">
  <testcase classname="api.test.Building_Tests" name="test_GetBuildings" time="0.082"/>
  <testcase classname="api.test.Building_Tests" name="test_AddBuilding" time="0.081"/>
  <testcase classname="api.test.Building_Tests" name="test_GetAllBuildingsByProjectId" time="0.035"/>
  <testcase classname="api.test.Building_Tests" name="test_Update_Building" time="0.021"/>
  <testcase classname="api.test.Building_Tests" name="test_toggleArchiveBuilding" time="0.028"/>
  <testcase classname="api.test.Building_Tests" name="test_GetArchivedBuildingsByProjectId" time="0.028"/>
  <testcase classname="api.test.Building_Tests" name="test_removeToggleArchiveBuilding" time="0.029"/>
  <testcase classname="api.test.Building_Tests" name="test_GetBuildingByBuildingId" time="0.027"/>
  <testcase classname="api.test.Building_Tests" name="test_GetArchivedBuildings" time="0.024"/>
  <testcase classname="api.test.Building_Tests" name="test_GetBuildingHistoryByBuildingId" time="0.026"/>
  <testcase classname="api.test.Building_Tests" name="test_GetAllBuildingsHistory" time="0.780"/>
  <testcase classname="api.test.Building_Tests" name="test_CheckIsRevitFileUploadedByBuildingId" time="0.026"/>
</testsuite> <!-- api.test.Building_Tests -->
