<?xml version="1.0" encoding="UTF-8"?>
<!-- Generated by org.testng.reporters.JUnitReportReporter -->
<testsuite hostname="NSSEZ190" failures="0" tests="7" name="api.test.Region_Tests" time="1.806" errors="0" timestamp="2025-03-12T16:25:16 IST" skipped="0">
  <testcase classname="api.test.Region_Tests" name="test_GetRegions" time="0.057"/>
  <testcase classname="api.test.Region_Tests" name="test_AddRegion" time="0.105"/>
  <testcase classname="api.test.Region_Tests" name="test_GetAllRegionsByFloorId" time="0.039"/>
  <testcase classname="api.test.Region_Tests" name="test_Update_Region" time="0.025"/>
  <testcase classname="api.test.Region_Tests" name="test_GetRegionByRegionId" time="0.043"/>
  <testcase classname="api.test.Region_Tests" name="test_GetIdByRegionId" time="0.039"/>
  <testcase classname="api.test.Region_Tests" name="test_GetAllRegionHistory" time="1.498"/>
</testsuite> <!-- api.test.Region_Tests -->
