<?xml version="1.0" encoding="UTF-8"?>
<!-- Generated by org.testng.reporters.JUnitReportReporter -->
<testsuite hostname="NSSEZ190" failures="0" tests="6" name="api.test.User_Tests" time="0.531" errors="0" timestamp="2025-03-20T10:23:44 IST" skipped="0">
  <testcase classname="api.test.User_Tests" name="testLogin" time="0.064"/>
  <testcase classname="api.test.User_Tests" name="test_GetAllUser" time="0.027"/>
  <testcase classname="api.test.User_Tests" name="test_GetUserByEmailId" time="0.024"/>
  <testcase classname="api.test.User_Tests" name="test_forgotPassword" time="0.186"/>
  <testcase classname="api.test.User_Tests" name="test_sendOtpToEmail" time="0.210"/>
  <testcase classname="api.test.User_Tests" name="testLogout" time="0.020"/>
</testsuite> <!-- api.test.User_Tests -->
