<?xml version="1.0" encoding="UTF-8"?>
<!-- Generated by org.testng.reporters.JUnitReportReporter -->
<testsuite hostname="NSSEZ190" failures="0" tests="2" name="api.test.DDtests" time="1.613" errors="0" timestamp="2025-02-15T19:37:26 IST" skipped="0">
  <testcase classname="api.test.DDtests" name="testCreateProject" time="1.516"/>
  <testcase classname="api.test.DDtests" name="testCreateProject" time="0.097"/>
</testsuite> <!-- api.test.DDtests -->
