<?xml version="1.0" encoding="UTF-8"?>
<!-- Generated by org.testng.reporters.JUnitReportReporter -->
<testsuite hostname="NSSEZ190" failures="0" tests="2" name="api.test.Building_Tests" time="0.169" errors="0" timestamp="2025-02-21T11:07:23 IST" skipped="0">
  <testcase classname="api.test.Building_Tests" name="test_GetBuildings" time="0.082"/>
  <testcase classname="api.test.Building_Tests" name="test_AddBuilding" time="0.087"/>
</testsuite> <!-- api.test.Building_Tests -->
