<?xml version="1.0" encoding="UTF-8"?>
<!-- Generated by org.testng.reporters.JUnitReportReporter -->
<testsuite hostname="NSSEZ190" failures="0" tests="9" name="api.test.Project_Tests" time="2.228" errors="0" timestamp="2025-03-03T10:50:30 IST" skipped="0">
  <testcase classname="api.test.Project_Tests" name="test_CreateProject" time="1.454"/>
  <testcase classname="api.test.Project_Tests" name="test_GetProject" time="0.072"/>
  <testcase classname="api.test.Project_Tests" name="test_UpdateProject" time="0.083"/>
  <testcase classname="api.test.Project_Tests" name="test_GetActiveProject" time="0.093"/>
  <testcase classname="api.test.Project_Tests" name="test_GetArchivedProject" time="0.346"/>
  <testcase classname="api.test.Project_Tests" name="test_GetProjectDetails" time="0.041"/>
  <testcase classname="api.test.Project_Tests" name="test_GetTimeLineByProjectId" time="0.059"/>
  <testcase classname="api.test.Project_Tests" name="test_GetAreaByProjectId" time="0.052"/>
  <testcase classname="api.test.Project_Tests" name="test_GetCompanyDetailsByProjectId" time="0.028"/>
</testsuite> <!-- api.test.Project_Tests -->
