<?xml version="1.0" encoding="UTF-8"?>
<!-- Generated by org.testng.reporters.JUnitReportReporter -->
<testsuite hostname="NSSEZ190" failures="0" tests="6" name="api.test.User_Tests" time="0.637" errors="0" timestamp="2025-02-28T16:22:44 IST" skipped="0">
  <testcase classname="api.test.User_Tests" name="testLogin" time="0.069"/>
  <testcase classname="api.test.User_Tests" name="test_GetAllUser" time="0.045"/>
  <testcase classname="api.test.User_Tests" name="test_GetUserByEmailId" time="0.039"/>
  <testcase classname="api.test.User_Tests" name="test_forgotPassword" time="0.217"/>
  <testcase classname="api.test.User_Tests" name="test_sendOtpToEmail" time="0.237"/>
  <testcase classname="api.test.User_Tests" name="testLogout" time="0.030"/>
</testsuite> <!-- api.test.User_Tests -->
