<?xml version="1.0" encoding="UTF-8"?>
<!-- Generated by org.testng.reporters.JUnitReportReporter -->
<testsuite hostname="NSSEZ190" failures="0" tests="8" name="api.test.Floor_Tests" time="1.359" errors="0" timestamp="2025-03-04T18:08:00 IST" skipped="0">
  <testcase classname="api.test.Floor_Tests" name="test_GetArchivedFloors" time="0.024"/>
  <testcase classname="api.test.Floor_Tests" name="test_GetAllFloorsHistory" time="1.092"/>
  <testcase classname="api.test.Floor_Tests" name="test_GetFloors" time="0.046"/>
  <testcase classname="api.test.Floor_Tests" name="test_AddFloor" time="0.085"/>
  <testcase classname="api.test.Floor_Tests" name="test_GetAllFloorsByBuildingId" time="0.030"/>
  <testcase classname="api.test.Floor_Tests" name="test_Update_Floor" time="0.019"/>
  <testcase classname="api.test.Floor_Tests" name="test_GetBargraphByFloorId" time="0.037"/>
  <testcase classname="api.test.Floor_Tests" name="test_GetFloorByFloorId" time="0.026"/>
</testsuite> <!-- api.test.Floor_Tests -->
