<?xml version="1.0" encoding="UTF-8"?>
<!-- Generated by org.testng.reporters.JUnitReportReporter -->
<testsuite hostname="NSSEZ190" failures="0" tests="7" name="api.test.Building_Tests" time="1.603" errors="0" timestamp="2025-02-27T11:43:42 IST" skipped="0">
  <testcase classname="api.test.Building_Tests" name="test_GetBuildings" time="1.121"/>
  <testcase classname="api.test.Building_Tests" name="test_AddBuilding" time="0.270"/>
  <testcase classname="api.test.Building_Tests" name="test_GetAllBuildingsByProjectId" time="0.048"/>
  <testcase classname="api.test.Building_Tests" name="test_Update_Building" time="0.060"/>
  <testcase classname="api.test.Building_Tests" name="test_toggleArchiveBuilding" time="0.036"/>
  <testcase classname="api.test.Building_Tests" name="test_GetArchivedBuildingsByProjectId" time="0.032"/>
  <testcase classname="api.test.Building_Tests" name="test_removeToggleArchiveBuilding" time="0.036"/>
</testsuite> <!-- api.test.Building_Tests -->
