<?xml version="1.0" encoding="UTF-8"?>
<!-- Generated by org.testng.reporters.JUnitReportReporter -->
<testsuite hostname="NSSEZ190" failures="0" tests="3" name="api.test.ProjectTests" time="2.378" errors="0" timestamp="2025-02-15T16:57:21 IST" skipped="0">
  <testcase classname="api.test.ProjectTests" name="test_CreateProject" time="2.272"/>
  <testcase classname="api.test.ProjectTests" name="test_GetProject" time="0.040"/>
  <testcase classname="api.test.ProjectTests" name="test_UpdateProject" time="0.066"/>
</testsuite> <!-- api.test.ProjectTests -->
