<?xml version="1.0" encoding="UTF-8"?>
<!-- Generated by org.testng.reporters.JUnitReportReporter -->
<testsuite hostname="NSSEZ190" failures="0" tests="8" name="api.test.Floor_Tests" time="1.393" errors="0" timestamp="2025-03-05T17:40:10 IST" skipped="0">
  <testcase classname="api.test.Floor_Tests" name="test_GetAllFloorsHistory" time="1.077"/>
  <testcase classname="api.test.Floor_Tests" name="test_GetArchivedFloors" time="0.031"/>
  <testcase classname="api.test.Floor_Tests" name="test_GetFloors" time="0.065"/>
  <testcase classname="api.test.Floor_Tests" name="test_AddFloor" time="0.086"/>
  <testcase classname="api.test.Floor_Tests" name="test_GetAllFloorsByBuildingId" time="0.040"/>
  <testcase classname="api.test.Floor_Tests" name="test_Update_Floor" time="0.039"/>
  <testcase classname="api.test.Floor_Tests" name="test_GetBargraphByFloorId" time="0.029"/>
  <testcase classname="api.test.Floor_Tests" name="test_GetFloorByFloorId" time="0.026"/>
</testsuite> <!-- api.test.Floor_Tests -->
