<?xml version="1.0" encoding="UTF-8"?>
<!-- Generated by org.testng.reporters.JUnitReportReporter -->
<testsuite hostname="NSSEZ190" failures="0" tests="2" name="api.test.Floor_Tests" time="0.307" errors="0" timestamp="2025-02-24T10:35:34 IST" skipped="0">
  <testcase classname="api.test.Floor_Tests" name="test_GetFloors" time="0.103"/>
  <testcase classname="api.test.Floor_Tests" name="test_AddFloor" time="0.204"/>
</testsuite> <!-- api.test.Floor_Tests -->
