<?xml version="1.0" encoding="UTF-8"?>
<!-- Generated by org.testng.reporters.JUnitReportReporter -->
<testsuite hostname="NSSEZ190" failures="0" tests="6" name="api.test.Project_Tests" time="1.632" errors="0" timestamp="2025-02-24T13:59:49 IST" skipped="0">
  <testcase classname="api.test.Project_Tests" name="test_CreateProject" time="1.489"/>
  <testcase classname="api.test.Project_Tests" name="test_GetProject" time="0.031"/>
  <testcase classname="api.test.Project_Tests" name="test_UpdateProject" time="0.057"/>
  <testcase classname="api.test.Project_Tests" name="test_GetActiveProject" time="0.019"/>
  <testcase classname="api.test.Project_Tests" name="test_GetArchivedProject" time="0.019"/>
  <testcase classname="api.test.Project_Tests" name="test_GetProjectDetails" time="0.017"/>
</testsuite> <!-- api.test.Project_Tests -->
