<?xml version="1.0" encoding="UTF-8"?>
<!-- Generated by org.testng.reporters.JUnitReportReporter -->
<testsuite hostname="NSSEZ190" failures="0" tests="5" name="api.test.DDtests" time="0.192" errors="0" timestamp="2025-03-07T18:06:52 IST" skipped="0">
  <testcase classname="api.test.DDtests" name="test_CreateProject_DDT" time="0.031"/>
  <testcase classname="api.test.DDtests" name="test_CreateProject_DDT" time="0.039"/>
  <testcase classname="api.test.DDtests" name="test_CreateProject_DDT" time="0.045"/>
  <testcase classname="api.test.DDtests" name="test_CreateProject_DDT" time="0.040"/>
  <testcase classname="api.test.DDtests" name="test_CreateProject_DDT" time="0.037"/>
</testsuite> <!-- api.test.DDtests -->
