<?xml version="1.0" encoding="UTF-8"?>
<!-- Generated by org.testng.reporters.JUnitReportReporter -->
<testsuite hostname="NSSEZ190" failures="0" tests="8" name="api.test.Floor_Tests" time="2.017" errors="0" timestamp="2025-02-24T15:41:43 IST" skipped="0">
  <testcase classname="api.test.Floor_Tests" name="test_GetFloors" time="1.585"/>
  <testcase classname="api.test.Floor_Tests" name="test_GetFloors" time="0.049"/>
  <testcase classname="api.test.Floor_Tests" name="test_AddFloor" time="0.083"/>
  <testcase classname="api.test.Floor_Tests" name="test_AddFloor" time="0.149"/>
  <testcase classname="api.test.Floor_Tests" name="test_GetAllFloorsByBuildingId" time="0.055"/>
  <testcase classname="api.test.Floor_Tests" name="test_GetAllFloorsByBuildingId" time="0.040"/>
  <testcase classname="api.test.Floor_Tests" name="test_Update_Floor" time="0.024"/>
  <testcase classname="api.test.Floor_Tests" name="test_Update_Floor" time="0.032"/>
</testsuite> <!-- api.test.Floor_Tests -->
