<?xml version="1.0" encoding="UTF-8"?>
<!-- Generated by org.testng.reporters.JUnitReportReporter -->
<testsuite hostname="NSSEZ190" failures="0" tests="6" name="api.test.User_Tests" time="0.515" errors="0" timestamp="2025-02-26T11:35:54 IST" skipped="0">
  <testcase classname="api.test.User_Tests" name="testLogin" time="0.074"/>
  <testcase classname="api.test.User_Tests" name="test_GetAllUser" time="0.027"/>
  <testcase classname="api.test.User_Tests" name="test_GetUserByEmailId" time="0.023"/>
  <testcase classname="api.test.User_Tests" name="test_forgotPassword" time="0.195"/>
  <testcase classname="api.test.User_Tests" name="test_sendOtpToEmail" time="0.164"/>
  <testcase classname="api.test.User_Tests" name="testLogout" time="0.032"/>
</testsuite> <!-- api.test.User_Tests -->
