<?xml version="1.0" encoding="UTF-8"?>
<!-- Generated by org.testng.reporters.JUnitReportReporter -->
<testsuite hostname="NSSEZ190" failures="0" tests="9" name="api.test.Project_Tests" time="1.645" errors="0" timestamp="2025-02-28T16:22:44 IST" skipped="0">
  <testcase classname="api.test.Project_Tests" name="test_CreateProject" time="1.278"/>
  <testcase classname="api.test.Project_Tests" name="test_GetProject" time="0.068"/>
  <testcase classname="api.test.Project_Tests" name="test_UpdateProject" time="0.068"/>
  <testcase classname="api.test.Project_Tests" name="test_GetActiveProject" time="0.041"/>
  <testcase classname="api.test.Project_Tests" name="test_GetArchivedProject" time="0.039"/>
  <testcase classname="api.test.Project_Tests" name="test_GetProjectDetails" time="0.040"/>
  <testcase classname="api.test.Project_Tests" name="test_GetTimeLineByProjectId" time="0.038"/>
  <testcase classname="api.test.Project_Tests" name="test_GetCompanyDetailsByProjectId" time="0.029"/>
  <testcase classname="api.test.Project_Tests" name="test_GetAreaByProjectId" time="0.044"/>
</testsuite> <!-- api.test.Project_Tests -->
