<?xml version="1.0" encoding="UTF-8"?>
<!-- Generated by org.testng.reporters.JUnitReportReporter -->
<testsuite hostname="NSSEZ190" failures="0" tests="2" name="api.test.DDtests" time="0.115" errors="0" timestamp="2025-02-24T10:35:34 IST" skipped="0">
  <testcase classname="api.test.DDtests" name="test_CreateProject_DDT" time="0.051"/>
  <testcase classname="api.test.DDtests" name="test_CreateProject_DDT" time="0.064"/>
</testsuite> <!-- api.test.DDtests -->
