<?xml version="1.0" encoding="UTF-8"?>
<!-- Generated by org.testng.reporters.JUnitReportReporter -->
<testsuite hostname="NSSEZ190" failures="0" tests="6" name="api.test.User_Tests" time="1.036" errors="0" timestamp="2025-02-24T11:32:19 IST" skipped="0">
  <testcase classname="api.test.User_Tests" name="testLogin" time="0.084"/>
  <testcase classname="api.test.User_Tests" name="test_GetAllUser" time="0.030"/>
  <testcase classname="api.test.User_Tests" name="test_GetUserByEmailId" time="0.025"/>
  <testcase classname="api.test.User_Tests" name="test_forgotPassword" time="0.402"/>
  <testcase classname="api.test.User_Tests" name="test_sendOtpToEmail" time="0.467"/>
  <testcase classname="api.test.User_Tests" name="testLogout" time="0.028"/>
</testsuite> <!-- api.test.User_Tests -->
