<?xml version="1.0" encoding="UTF-8"?>
<!-- Generated by org.testng.reporters.JUnitReportReporter -->
<testsuite hostname="NSSEZ190" failures="0" tests="6" name="api.test.User_Tests" time="0.636" errors="0" timestamp="2025-03-03T12:12:34 IST" skipped="0">
  <testcase classname="api.test.User_Tests" name="testLogin" time="0.072"/>
  <testcase classname="api.test.User_Tests" name="test_GetAllUser" time="0.027"/>
  <testcase classname="api.test.User_Tests" name="test_GetUserByEmailId" time="0.023"/>
  <testcase classname="api.test.User_Tests" name="test_forgotPassword" time="0.266"/>
  <testcase classname="api.test.User_Tests" name="test_sendOtpToEmail" time="0.220"/>
  <testcase classname="api.test.User_Tests" name="testLogout" time="0.028"/>
</testsuite> <!-- api.test.User_Tests -->
