<?xml version="1.0" encoding="UTF-8"?>
<!-- Generated by org.testng.reporters.JUnitReportReporter -->
<testsuite hostname="NSSEZ190" failures="0" tests="4" name="api.test.Region_Tests" time="1.460" errors="0" timestamp="2025-02-26T11:40:23 IST" skipped="0">
  <testcase classname="api.test.Region_Tests" name="test_GetRegions" time="1.084"/>
  <testcase classname="api.test.Region_Tests" name="test_AddRegion" time="0.314"/>
  <testcase classname="api.test.Region_Tests" name="test_GetAllRegionsByFloorId" time="0.041"/>
  <testcase classname="api.test.Region_Tests" name="test_Update_Region" time="0.021"/>
</testsuite> <!-- api.test.Region_Tests -->
