<?xml version="1.0" encoding="UTF-8"?>
<!-- Generated by org.testng.reporters.JUnitReportReporter -->
<testsuite hostname="NSSEZ190" failures="0" tests="8" name="api.test.User_Tests" time="2.183" errors="0" timestamp="2025-02-18T14:39:49 IST" skipped="0">
  <testcase classname="api.test.User_Tests" name="testLogin" time="0.105"/>
  <testcase classname="api.test.User_Tests" name="testLogin" time="1.792"/>
  <testcase classname="api.test.User_Tests" name="test_GetAllUser" time="0.081"/>
  <testcase classname="api.test.User_Tests" name="test_GetAllUser" time="0.043"/>
  <testcase classname="api.test.User_Tests" name="test_GetUserByEmailId" time="0.060"/>
  <testcase classname="api.test.User_Tests" name="test_GetUserByEmailId" time="0.028"/>
  <testcase classname="api.test.User_Tests" name="testLogout" time="0.049"/>
  <testcase classname="api.test.User_Tests" name="testLogout" time="0.025"/>
</testsuite> <!-- api.test.User_Tests -->
